Initializing document watcher...
Detected change in configuration: {}
/home/knight/.config/Code/User/settings.json: Using EditorConfig core...
Nlp/test.r: {}
Nlp/test.r: {}
Nlp/test.r: {}
Nlp/test.r: {}
Nlp/test.r: {}
Nlp/test.r: {}
Nlp/test.r: {}
Nlp/test.r: {}
Nlp/test.r: {}
Nlp/correlations.r: {}
Nlp/correlations.r: {}
Nlp/correlations.r: {}
Nlp/correlations.r: {}
Nlp/correlations.r: {}
Nlp/correlations.r: {}
Nlp/correlations.r: {}
Nlp/correlations.r: {}
Nlp/correlations.r: {}
Nlp/correlations.r: {}
Nlp/correlations.r: {}
Nlp/correlations.r: {}
Nlp/correlations.r: {}
Nlp/correlations.r: {}
Nlp/correlations.r: {}
Nlp/correlations.r: {}
Nlp/correlations.r: Using EditorConfig core...
Nlp/correlations.r: Using EditorConfig core...
Nlp/correlations.r: {}
Nlp/correlations.r: {}
Nlp/correlations.r: {}
Nlp/correlations.r: {}
Nlp/correlations.r: {}
Nlp/correlations.r: {}
Nlp/correlations.r: {}
Nlp/correlations.r: {}
Nlp/correlations.r: {}
Nlp/correlations.r: {}
Nlp/correlations.r: {}
