Initializing document watcher...
Detected change in configuration: {}
Nlp/test.r: {}
Nlp/test.r: Using EditorConfig core...
Nlp/test.r: Using EditorConfig core...
Nlp/test.r: Using EditorConfig core...
Nlp/test.r: Using EditorConfig core...
Nlp/test.r: Using EditorConfig core...
Nlp/test.r: Using EditorConfig core...
extension-output-#15: {}
/home/knight/.config/Code/User/settings.json: {}
/home/knight/.config/Code/User/settings.json: Using EditorConfig core...
Detected change in configuration: {}
/home/knight/.config/Code/User/settings.json: Using EditorConfig core...
extension-output-#15: {}
Nlp/test.r: {}
Nlp/test.r: Using EditorConfig core...
Nlp/test.r: Using EditorConfig core...
Nlp/test.r: Using EditorConfig core...
Nlp/test.r: Using EditorConfig core...
Nlp/test.r: Using EditorConfig core...
Nlp/test.r: Using EditorConfig core...
Nlp/test.r: Using EditorConfig core...
Nlp/test.r: Using EditorConfig core...
Nlp/test.r: {}
Nlp/test.r: {}
Nlp/test.r: Using EditorConfig core...
Nlp/test.r: {}
Nlp/test.r: {}
Nlp/test.r: {}
Nlp/test.r: {}
Nlp/test.r: {}
Nlp/test.r: {}
Nlp/test.r: Using EditorConfig core...
Nlp/test.r: {}
Nlp/test.r: Using EditorConfig core...
Nlp/test.r: {}
Nlp/test.r: {}
Nlp/test.r: {}
Nlp/test.r: {}
Nlp/test.r: {}
Nlp/test.r: {}
Nlp/test.r: {}
Nlp/test.r: {}
Nlp/test.r: {}
Nlp/test.r: {}
Nlp/test.r: {}
Nlp/test.r: {}
Nlp/test.r: {}
Nlp/test.r: Using EditorConfig core...
Nlp/test.r: {}
Nlp/test.r: Using EditorConfig core...
Nlp/test.r: {}
Nlp/test.r: {}
Nlp/test.r: Using EditorConfig core...
Nlp/test.r: {}
Nlp/test.r: Using EditorConfig core...
Nlp/test.r: {}
Nlp/test.r: {}
Nlp/test.r: {}
Nlp/test.r: {}
Nlp/test.r: {}
Nlp/test.r: {}
Nlp/test.r: {}
Nlp/test.r: {}
Nlp/test.r: {}
Nlp/test.r: {}
Nlp/test.r: {}
Nlp/test.r: {}
Nlp/test.r: Using EditorConfig core...
Nlp/test.r: {}
Nlp/test.r: {}
Nlp/test.r: {}
Nlp/test.r: Using EditorConfig core...
Nlp/test.r: Using EditorConfig core...
Nlp/test.r: Using EditorConfig core...
Nlp/test.r: Using EditorConfig core...
Nlp/test.r: Using EditorConfig core...
Nlp/test.r: Using EditorConfig core...
Nlp/test.r: Using EditorConfig core...
Nlp/test.r: Using EditorConfig core...
Nlp/test.r: Using EditorConfig core...
Nlp/test.r: Using EditorConfig core...
Nlp/test.r: {}
Nlp/test.r: Using EditorConfig core...
Nlp/test.r: Using EditorConfig core...
Nlp/test.r: {}
Nlp/test.r: {}
Nlp/test.r: {}
Nlp/test.r: {}
Nlp/test.r: {}
Nlp/test.r: Using EditorConfig core...
Nlp/test.r: Using EditorConfig core...
Nlp/test.r: {}
Nlp/test.r: {}
Nlp/test.r: Using EditorConfig core...
Nlp/test.r: Using EditorConfig core...
Nlp/test.r: {}
Nlp/test.r: {}
Nlp/test.r: {}
Nlp/test.r: {}
Nlp/test.r: {}
Nlp/test.r: {}
Nlp/test.r: {}
Nlp/test.r: {}
Nlp/test.r: {}
Nlp/test.r: {}
Nlp/test.r: Using EditorConfig core...
Nlp/test.r: Using EditorConfig core...
Nlp/test.r: Using EditorConfig core...
Untitled-1.txt: {}
Untitled-1.txt: {}
Untitled-1.txt: {}
Untitled-1.txt: {}
Nlp/sntiment.r: Using EditorConfig core...
Nlp/sntiment.r: {}
Nlp/sntiment.r: {}
Nlp/sntiment.r: Using EditorConfig core...
Nlp/sntiment.r: {}
Nlp/sntiment.r: Using EditorConfig core...
Nlp/sntiment.r: Using EditorConfig core...
Nlp/sntiment.r: Using EditorConfig core...
Nlp/sntiment.r: {}
Nlp/sntiment.r: {}
Nlp/sntiment.r: {}
Nlp/sntiment.r: Using EditorConfig core...
Nlp/sntiment.r: {}
Nlp/sntiment.r: {}
Nlp/sntiment.r: {}
Nlp/sntiment.r: {}
Nlp/sntiment.r: {}
Nlp/sntiment.r: {}
Nlp/sntiment.r: {}
Nlp/sntiment.r: {}
Nlp/sntiment.r: {}
Nlp/sntiment.r: {}
Nlp/sntiment.r: Using EditorConfig core...
Nlp/sntiment.r: {}
Nlp/sntiment.r: Using EditorConfig core...
Nlp/sntiment.r: Using EditorConfig core...
Nlp/sntiment.r: Using EditorConfig core...
Nlp/sntiment.r: {}
Nlp/sntiment.r: {}
Nlp/sntiment.r: {}
Nlp/sntiment.r: {}
Nlp/test.r: {}
Nlp/sntiment.r: {}
Nlp/sntiment.r: Using EditorConfig core...
Nlp/sntiment.r: Using EditorConfig core...
Nlp/sntiment.r: Using EditorConfig core...
Nlp/sntiment.r: Using EditorConfig core...
Nlp/sntiment.r: Using EditorConfig core...
Nlp/sntiment.r: Using EditorConfig core...
Nlp/sntiment.r: Using EditorConfig core...
Nlp/sntiment.r: Using EditorConfig core...
Nlp/sntiment.r: Using EditorConfig core...
Nlp/sntiment.r: Using EditorConfig core...
Nlp/sntiment.r: Using EditorConfig core...
Nlp/sntiment.r: Using EditorConfig core...
Nlp/sntiment.r: {}
Nlp/sntiment.r: {}
Nlp/sntiment.r: {}
Nlp/test.r: {}
Nlp/sntiment.r: {}
Nlp/sntiment.r: Using EditorConfig core...
Nlp/sntiment.r: Using EditorConfig core...
Nlp/sntiment.r: Using EditorConfig core...
Nlp/sntiment.r: Using EditorConfig core...
Nlp/sntiment.r: {}
Nlp/sntiment.r: {}
Nlp/sntiment.r: {}
Nlp/sntiment.r: {}
Nlp/sntiment.r: {}
Nlp/sntiment.r: Using EditorConfig core...
Nlp/sntiment.r: {}
Nlp/sntiment.r: {}
Nlp/sntiment.r: {}
Nlp/sntiment.r: {}
Nlp/sntiment.r: Using EditorConfig core...
Nlp/sntiment.r: {}
Nlp/sntiment.r: Using EditorConfig core...
Nlp/sntiment.r: {}
Nlp/sntiment.r: {}
Nlp/sntiment.r: {}
Nlp/sntiment.r: {}
Nlp/sntiment.r: Using EditorConfig core...
Nlp/sntiment.r: {}
Nlp/sntiment.r: {}
Nlp/sntiment.r: {}
Nlp/sntiment.r: {}
Nlp/sntiment.r: {}
Nlp/sntiment.r: {}
Nlp/sntiment.r: {}
Nlp/sntiment.r: Using EditorConfig core...
Nlp/sntiment.r: {}
Nlp/sntiment.r: {}
Nlp/sntiment.r: {}
Nlp/test.r: {}
Nlp/sntiment.r: {}
Nlp/sntiment.r: Using EditorConfig core...
Nlp/sntiment.r: {}
Nlp/sntiment.r: {}
Nlp/sntiment.r: {}
Nlp/sntiment.r: {}
Nlp/sntiment.r: {}
Nlp/sntiment.r: {}
Nlp/sntiment.r: Using EditorConfig core...
Nlp/sntiment.r: Using EditorConfig core...
Nlp/sntiment.r: Using EditorConfig core...
Nlp/sntiment.r: Using EditorConfig core...
Nlp/sntiment.r: Using EditorConfig core...
Nlp/sntiment.r: Using EditorConfig core...
Nlp/sntiment.r: Using EditorConfig core...
Nlp/sntiment.r: {}
Nlp/sntiment.r: Using EditorConfig core...
Nlp/sntiment.r: Using EditorConfig core...
Untitled-1.txt: {}
Untitled-1.txt: {}
Untitled-1.txt: {}
Untitled-1.txt: {}
Nlp/corenlp.r: Using EditorConfig core...
Nlp/corenlp.r: {}
Nlp/corenlp.r: Using EditorConfig core...
Nlp/corenlp.r: Using EditorConfig core...
Nlp/corenlp.r: {}
Nlp/corenlp.r: Using EditorConfig core...
Nlp/corenlp.r: Using EditorConfig core...
Nlp/corenlp.r: Using EditorConfig core...
Nlp/corenlp.r: {}
Nlp/corenlp.r: Using EditorConfig core...
Nlp/corenlp.r: {}
Nlp/corenlp.r: Using EditorConfig core...
Nlp/corenlp.r: Using EditorConfig core...
Nlp/corenlp.r: {}
Nlp/corenlp.r: Using EditorConfig core...
Nlp/corenlp.r: Using EditorConfig core...
Nlp/corenlp.r: {}
Nlp/corenlp.r: Using EditorConfig core...
Nlp/corenlp.r: {}
Nlp/corenlp.r: Using EditorConfig core...
Nlp/corenlp.r: {}
Nlp/corenlp.r: Using EditorConfig core...
Nlp/corenlp.r: {}
Nlp/corenlp.r: Using EditorConfig core...
Nlp/corenlp.r: {}
Nlp/corenlp.r: Using EditorConfig core...
Nlp/corenlp.r: Using EditorConfig core...
Nlp/corenlp.r: {}
Nlp/corenlp.r: {}
Nlp/corenlp.r: Using EditorConfig core...
Nlp/corenlp.r: {}
Nlp/corenlp.r: {}
Nlp/corenlp.r: {}
Nlp/corenlp.r: {}
