Initializing document watcher...
Detected change in configuration: {}
Nlp/test.r: {}
Detected change in configuration: {}
No more open editors.
No more open editors.
/home/knight/.config/Code/User/settings.json: {}
/home/knight/.config/Code/User/settings.json: Using EditorConfig core...
/home/knight/.config/Code/User/settings.json: Using EditorConfig core...
/home/knight/.config/Code/User/settings.json: Using EditorConfig core...
/home/knight/.config/Code/User/settings.json: Using EditorConfig core...
/home/knight/.config/Code/User/settings.json: Using EditorConfig core...
/home/knight/.config/Code/User/settings.json: Using EditorConfig core...
/home/knight/.config/Code/User/settings.json: Using EditorConfig core...
/home/knight/.config/Code/User/settings.json: Using EditorConfig core...
/home/knight/.config/Code/User/settings.json: Using EditorConfig core...
/home/knight/.config/Code/User/settings.json: {}
/home/knight/.config/Code/User/settings.json: Using EditorConfig core...
/home/knight/.config/Code/User/settings.json: Using EditorConfig core...
/home/knight/.config/Code/User/settings.json: Using EditorConfig core...
/home/knight/.config/Code/User/settings.json: Using EditorConfig core...
Detected change in configuration: {}
/home/knight/.config/Code/User/settings.json: Using EditorConfig core...
/home/knight/.config/Code/User/settings.json: Using EditorConfig core...
Nlp/test.r: {}
Nlp/test.r: Using EditorConfig core...
Nlp/test.r: Using EditorConfig core...
Nlp/test.r: Using EditorConfig core...
