[2019-06-16 23:32:35.400] [sharedprocess] [info] main {"machineId":"b4c5fb79920f8c04b74a33d121bda25fb61ba4d21fe78c5955b78475426cc273"}
[2019-06-16 23:32:36.504] [sharedprocess] [info] Scanned system extensions: 72
[2019-06-16 23:32:37.119] [sharedprocess] [info] Scanned user extensions: 94
[2019-06-16 23:32:37.449] [sharedprocess] [info] Scanned system extensions: 72
[2019-06-16 23:32:37.452] [sharedprocess] [info] Deleted from disk sdras.vue-vscode-snippets /home/knight/.vscode/extensions/sdras.vue-vscode-snippets-1.6.0
[2019-06-16 23:32:37.488] [sharedprocess] [info] Deleted from disk johnpapa.vscode-peacock /home/knight/.vscode/extensions/johnpapa.vscode-peacock-2.3.0
[2019-06-16 23:32:37.650] [sharedprocess] [info] Scanned user extensions: 94
[2019-06-16 23:32:37.716] [sharedprocess] [info] Deleted from disk msjsdiag.debugger-for-chrome /home/knight/.vscode/extensions/msjsdiag.debugger-for-chrome-4.11.3
[2019-06-16 23:32:39.631] [sharedprocess] [info] Scanned user extensions: 94
[2019-06-16 23:33:15.443] [sharedprocess] [info] Starting to clean up unused language packs.
[2019-06-16 23:33:34.986] [sharedprocess] [info] Scanned system extensions: 72
[2019-06-16 23:33:35.003] [sharedprocess] [info] Scanned system extensions: 72
[2019-06-16 23:33:35.008] [sharedprocess] [info] Scanned system extensions: 72
[2019-06-16 23:33:35.228] [sharedprocess] [info] Scanned user extensions: 94
[2019-06-16 23:33:35.288] [sharedprocess] [info] Scanned user extensions: 94
[2019-06-16 23:33:35.321] [sharedprocess] [info] Scanned user extensions: 94
[2019-06-16 23:33:36.626] [sharedprocess] [info] Scanned user extensions: 94
[2019-06-16 23:38:37.010] [sharedprocess] [info] Scanned user extensions: 94
[2019-06-16 23:43:37.210] [sharedprocess] [info] Scanned user extensions: 94
[2019-06-16 23:48:37.434] [sharedprocess] [info] Scanned user extensions: 94
[2019-06-16 23:53:37.658] [sharedprocess] [info] Scanned user extensions: 94
[2019-06-16 23:58:37.975] [sharedprocess] [info] Scanned user extensions: 94
[2019-06-17 00:03:38.185] [sharedprocess] [info] Scanned user extensions: 94
[2019-06-17 00:08:38.411] [sharedprocess] [info] Scanned user extensions: 94
[2019-06-17 00:13:38.580] [sharedprocess] [info] Scanned user extensions: 94
[2019-06-17 00:15:15.023] [sharedprocess] [info] Scanned system extensions: 72
[2019-06-17 00:15:15.120] [sharedprocess] [info] Scanned user extensions: 94
[2019-06-17 00:15:17.655] [sharedprocess] [info] Scanned user extensions: 94
[2019-06-17 00:20:17.993] [sharedprocess] [info] Scanned user extensions: 94
