[2019-06-16 23:32:39.242] [exthost] [info] extension host started
[2019-06-16 23:32:39.447] [exthost] [info] ExtensionService#_doActivateExtension Ikuyadeu.r {"startup":false,"activationEvent":"onLanguage:r"}
[2019-06-16 23:32:39.447] [exthost] [info] ExtensionService#loadCommonJSModule /home/knight/.vscode/extensions/ikuyadeu.r-1.1.0/dist/extension
[2019-06-16 23:32:39.618] [exthost] [info] ExtensionService#_doActivateExtension Mikhail-Arkhipov.r {"startup":false,"activationEvent":"onLanguage:r"}
[2019-06-16 23:32:39.618] [exthost] [info] ExtensionService#loadCommonJSModule /home/knight/.vscode/extensions/mikhail-arkhipov.r-0.0.6/out/src/extension
[2019-06-16 23:32:39.957] [exthost] [info] ExtensionService#_doActivateExtension vscode.debug-auto-launch {"startup":true,"activationEvent":"*"}
[2019-06-16 23:32:39.957] [exthost] [info] ExtensionService#loadCommonJSModule /opt/visual-studio-code/resources/app/extensions/debug-auto-launch/dist/extension
[2019-06-16 23:32:39.964] [exthost] [info] ExtensionService#_doActivateExtension vscode.emmet {"startup":true,"activationEvent":"*"}
[2019-06-16 23:32:39.964] [exthost] [info] ExtensionService#loadCommonJSModule /opt/visual-studio-code/resources/app/extensions/emmet/dist/extension
[2019-06-16 23:32:40.008] [exthost] [info] ExtensionService#_doActivateExtension vscode.git {"startup":true,"activationEvent":"*"}
[2019-06-16 23:32:40.008] [exthost] [info] ExtensionService#loadCommonJSModule /opt/visual-studio-code/resources/app/extensions/git/dist/main
[2019-06-16 23:32:40.367] [exthost] [info] ExtensionService#_doActivateExtension vscode.merge-conflict {"startup":true,"activationEvent":"*"}
[2019-06-16 23:32:40.367] [exthost] [info] ExtensionService#loadCommonJSModule /opt/visual-studio-code/resources/app/extensions/merge-conflict/dist/extension
[2019-06-16 23:32:40.397] [exthost] [info] ExtensionService#_doActivateExtension alefragnani.Bookmarks {"startup":true,"activationEvent":"*"}
[2019-06-16 23:32:40.397] [exthost] [info] ExtensionService#loadCommonJSModule /home/knight/.vscode/extensions/alefragnani.bookmarks-10.4.4/dist/extension
[2019-06-16 23:32:40.449] [exthost] [info] ExtensionService#_doActivateExtension alefragnani.project-manager {"startup":true,"activationEvent":"*"}
[2019-06-16 23:32:40.449] [exthost] [info] ExtensionService#loadCommonJSModule /home/knight/.vscode/extensions/alefragnani.project-manager-10.5.2/dist/extension
[2019-06-16 23:32:40.634] [exthost] [info] ExtensionService#_doActivateExtension christian-kohler.path-intellisense {"startup":true,"activationEvent":"*"}
[2019-06-16 23:32:40.634] [exthost] [info] ExtensionService#loadCommonJSModule /home/knight/.vscode/extensions/christian-kohler.path-intellisense-1.4.2/out/src/extension
[2019-06-16 23:32:40.684] [exthost] [info] ExtensionService#_doActivateExtension CoenraadS.bracket-pair-colorizer {"startup":true,"activationEvent":"*"}
[2019-06-16 23:32:40.684] [exthost] [info] ExtensionService#loadCommonJSModule /home/knight/.vscode/extensions/coenraads.bracket-pair-colorizer-1.0.61/out/src/extension
[2019-06-16 23:32:40.773] [exthost] [info] ExtensionService#_doActivateExtension dbaeumer.vscode-eslint {"startup":true,"activationEvent":"*"}
[2019-06-16 23:32:40.773] [exthost] [info] ExtensionService#loadCommonJSModule /home/knight/.vscode/extensions/dbaeumer.vscode-eslint-1.9.0/client/out/extension
[2019-06-16 23:32:40.853] [exthost] [info] ExtensionService#_doActivateExtension eamodio.gitlens {"startup":true,"activationEvent":"*"}
[2019-06-16 23:32:40.853] [exthost] [info] ExtensionService#loadCommonJSModule /home/knight/.vscode/extensions/eamodio.gitlens-9.8.2/dist/extension
[2019-06-16 23:32:41.341] [exthost] [info] ExtensionService#_doActivateExtension EditorConfig.EditorConfig {"startup":true,"activationEvent":"*"}
[2019-06-16 23:32:41.341] [exthost] [info] ExtensionService#loadCommonJSModule /home/knight/.vscode/extensions/editorconfig.editorconfig-0.13.0/out/src/editorConfigMain
[2019-06-16 23:32:41.647] [exthost] [info] ExtensionService#_doActivateExtension eppz.eppz-code {"startup":true,"activationEvent":"*"}
[2019-06-16 23:32:41.647] [exthost] [info] ExtensionService#loadCommonJSModule /home/knight/.vscode/extensions/eppz.eppz-code-1.2.41/out/src/main
[2019-06-16 23:32:42.210] [exthost] [info] ExtensionService#_doActivateExtension Equinusocio.vsc-material-theme {"startup":true,"activationEvent":"*"}
[2019-06-16 23:32:42.210] [exthost] [info] ExtensionService#loadCommonJSModule /home/knight/.vscode/extensions/equinusocio.vsc-material-theme-2.9.0/out/src/material.theme.config
[2019-06-16 23:32:42.243] [exthost] [info] ExtensionService#_doActivateExtension esbenp.prettier-vscode {"startup":true,"activationEvent":"*"}
[2019-06-16 23:32:42.243] [exthost] [info] ExtensionService#loadCommonJSModule /home/knight/.vscode/extensions/esbenp.prettier-vscode-1.9.0/out/src/extension
[2019-06-16 23:32:43.045] [exthost] [info] ExtensionService#_doActivateExtension formulahendry.auto-close-tag {"startup":true,"activationEvent":"*"}
[2019-06-16 23:32:43.045] [exthost] [info] ExtensionService#loadCommonJSModule /home/knight/.vscode/extensions/formulahendry.auto-close-tag-0.5.6/out/src/extension
[2019-06-16 23:32:43.051] [exthost] [info] ExtensionService#_doActivateExtension formulahendry.auto-rename-tag {"startup":true,"activationEvent":"*"}
[2019-06-16 23:32:43.051] [exthost] [info] ExtensionService#loadCommonJSModule /home/knight/.vscode/extensions/formulahendry.auto-rename-tag-0.1.0/out/src/extension
[2019-06-16 23:32:43.064] [exthost] [info] ExtensionService#_doActivateExtension geddski.macros {"startup":true,"activationEvent":"*"}
[2019-06-16 23:32:43.064] [exthost] [info] ExtensionService#loadCommonJSModule /home/knight/.vscode/extensions/geddski.macros-1.2.1/extension
[2019-06-16 23:32:44.075] [exthost] [info] ExtensionService#_doActivateExtension HookyQR.beautify {"startup":true,"activationEvent":"*"}
[2019-06-16 23:32:44.075] [exthost] [info] ExtensionService#loadCommonJSModule /home/knight/.vscode/extensions/hookyqr.beautify-1.5.0/extension
[2019-06-16 23:32:44.282] [exthost] [info] ExtensionService#_doActivateExtension joelday.docthis {"startup":true,"activationEvent":"*"}
[2019-06-16 23:32:44.282] [exthost] [info] ExtensionService#loadCommonJSModule /home/knight/.vscode/extensions/joelday.docthis-0.7.1/out/src/extension
[2019-06-16 23:32:45.567] [exthost] [info] ExtensionService#_doActivateExtension johnpapa.vscode-peacock {"startup":true,"activationEvent":"*"}
[2019-06-16 23:32:45.567] [exthost] [info] ExtensionService#loadCommonJSModule /home/knight/.vscode/extensions/johnpapa.vscode-peacock-2.4.0/dist/extension
[2019-06-16 23:32:45.599] [exthost] [info] ExtensionService#_doActivateExtension kisstkondoros.vscode-codemetrics {"startup":true,"activationEvent":"*"}
[2019-06-16 23:32:45.599] [exthost] [info] ExtensionService#loadCommonJSModule /home/knight/.vscode/extensions/kisstkondoros.vscode-codemetrics-1.18.1/out/src/extension
[2019-06-16 23:32:47.517] [exthost] [info] ExtensionService#_doActivateExtension mishkinf.goto-next-previous-member {"startup":true,"activationEvent":"*"}
[2019-06-16 23:32:47.517] [exthost] [info] ExtensionService#loadCommonJSModule /home/knight/.vscode/extensions/mishkinf.goto-next-previous-member-0.0.5/out/extension
[2019-06-16 23:32:47.521] [exthost] [info] ExtensionService#_doActivateExtension naumovs.color-highlight {"startup":true,"activationEvent":"*"}
[2019-06-16 23:32:47.521] [exthost] [info] ExtensionService#loadCommonJSModule /home/knight/.vscode/extensions/naumovs.color-highlight-2.3.0/dist/extension
[2019-06-16 23:32:47.601] [exthost] [info] ExtensionService#_doActivateExtension nrwl.angular-console {"startup":true,"activationEvent":"*"}
[2019-06-16 23:32:47.601] [exthost] [info] ExtensionService#loadCommonJSModule /home/knight/.vscode/extensions/nrwl.angular-console-8.0.5/main.js
[2019-06-16 23:32:47.957] [exthost] [info] ExtensionService#_doActivateExtension PKief.material-icon-theme {"startup":true,"activationEvent":"*"}
[2019-06-16 23:32:47.957] [exthost] [info] ExtensionService#loadCommonJSModule /home/knight/.vscode/extensions/pkief.material-icon-theme-3.8.0/dist/extension
[2019-06-16 23:32:48.177] [exthost] [info] ExtensionService#_doActivateExtension tombonnike.vscode-status-bar-format-toggle {"startup":true,"activationEvent":"*"}
[2019-06-16 23:32:48.177] [exthost] [info] ExtensionService#loadCommonJSModule /home/knight/.vscode/extensions/tombonnike.vscode-status-bar-format-toggle-1.5.0/out/src/extension
[2019-06-16 23:32:48.551] [exthost] [info] ExtensionService#_doActivateExtension ms-vscode.csharp {"startup":true,"activationEvent":"*"}
[2019-06-16 23:32:48.551] [exthost] [info] ExtensionService#loadCommonJSModule /home/knight/.vscode/extensions/ms-vscode.csharp-1.20.0/dist/extension
[2019-06-16 23:32:49.330] [exthost] [info] ExtensionService#_doActivateExtension wayou.vscode-todo-highlight {"startup":true,"activationEvent":"*"}
[2019-06-16 23:32:49.330] [exthost] [info] ExtensionService#loadCommonJSModule /home/knight/.vscode/extensions/wayou.vscode-todo-highlight-1.0.4/src/extension
[2019-06-16 23:32:50.926] [exthost] [info] ExtensionService#_doActivateExtension vscode.configuration-editing {"startup":false,"activationEvent":"onLanguage:jsonc"}
[2019-06-16 23:32:50.926] [exthost] [info] ExtensionService#loadCommonJSModule /opt/visual-studio-code/resources/app/extensions/configuration-editing/dist/extension
[2019-06-16 23:32:50.981] [exthost] [info] ExtensionService#_doActivateExtension vscode.json-language-features {"startup":false,"activationEvent":"onLanguage:jsonc"}
[2019-06-16 23:32:50.981] [exthost] [info] ExtensionService#loadCommonJSModule /opt/visual-studio-code/resources/app/extensions/json-language-features/client/dist/jsonMain
[2019-06-16 23:32:51.305] [exthost] [info] ExtensionService#_doActivateExtension vscode.typescript-language-features {"startup":false,"activationEvent":"onLanguage:jsonc"}
[2019-06-16 23:32:51.305] [exthost] [info] ExtensionService#loadCommonJSModule /opt/visual-studio-code/resources/app/extensions/typescript-language-features/dist/extension
[2019-06-16 23:32:51.573] [exthost] [info] eager extensions activated
[2019-06-16 23:32:51.680] [exthost] [info] ExtensionService#_doActivateExtension Unity.unity-debug {"startup":true,"activationEvent":"*"}
[2019-06-16 23:32:51.680] [exthost] [info] ExtensionService#loadCommonJSModule /home/knight/.vscode/extensions/unity.unity-debug-2.7.2/out/attach.js
[2019-06-16 23:33:36.262] [exthost] [info] extension host started
[2019-06-16 23:33:36.332] [exthost] [info] ExtensionService#_doActivateExtension vscode.debug-auto-launch {"startup":true,"activationEvent":"*"}
[2019-06-16 23:33:36.333] [exthost] [info] ExtensionService#loadCommonJSModule /opt/visual-studio-code/resources/app/extensions/debug-auto-launch/dist/extension
[2019-06-16 23:33:36.338] [exthost] [info] ExtensionService#_doActivateExtension vscode.emmet {"startup":true,"activationEvent":"*"}
[2019-06-16 23:33:36.338] [exthost] [info] ExtensionService#loadCommonJSModule /opt/visual-studio-code/resources/app/extensions/emmet/dist/extension
[2019-06-16 23:33:36.365] [exthost] [info] ExtensionService#_doActivateExtension vscode.git {"startup":true,"activationEvent":"*"}
[2019-06-16 23:33:36.365] [exthost] [info] ExtensionService#loadCommonJSModule /opt/visual-studio-code/resources/app/extensions/git/dist/main
[2019-06-16 23:33:36.558] [exthost] [info] ExtensionService#_doActivateExtension vscode.merge-conflict {"startup":true,"activationEvent":"*"}
[2019-06-16 23:33:36.558] [exthost] [info] ExtensionService#loadCommonJSModule /opt/visual-studio-code/resources/app/extensions/merge-conflict/dist/extension
[2019-06-16 23:33:36.570] [exthost] [info] ExtensionService#_doActivateExtension alefragnani.Bookmarks {"startup":true,"activationEvent":"*"}
[2019-06-16 23:33:36.570] [exthost] [info] ExtensionService#loadCommonJSModule /home/knight/.vscode/extensions/alefragnani.bookmarks-10.4.4/dist/extension
[2019-06-16 23:33:36.586] [exthost] [info] ExtensionService#_doActivateExtension alefragnani.project-manager {"startup":true,"activationEvent":"*"}
[2019-06-16 23:33:36.586] [exthost] [info] ExtensionService#loadCommonJSModule /home/knight/.vscode/extensions/alefragnani.project-manager-10.5.2/dist/extension
[2019-06-16 23:33:36.602] [exthost] [info] ExtensionService#_doActivateExtension christian-kohler.path-intellisense {"startup":true,"activationEvent":"*"}
[2019-06-16 23:33:36.602] [exthost] [info] ExtensionService#loadCommonJSModule /home/knight/.vscode/extensions/christian-kohler.path-intellisense-1.4.2/out/src/extension
[2019-06-16 23:33:36.618] [exthost] [info] ExtensionService#_doActivateExtension CoenraadS.bracket-pair-colorizer {"startup":true,"activationEvent":"*"}
[2019-06-16 23:33:36.618] [exthost] [info] ExtensionService#loadCommonJSModule /home/knight/.vscode/extensions/coenraads.bracket-pair-colorizer-1.0.61/out/src/extension
[2019-06-16 23:33:36.658] [exthost] [info] ExtensionService#_doActivateExtension dbaeumer.vscode-eslint {"startup":true,"activationEvent":"*"}
[2019-06-16 23:33:36.658] [exthost] [info] ExtensionService#loadCommonJSModule /home/knight/.vscode/extensions/dbaeumer.vscode-eslint-1.9.0/client/out/extension
[2019-06-16 23:33:36.733] [exthost] [info] ExtensionService#_doActivateExtension eamodio.gitlens {"startup":true,"activationEvent":"*"}
[2019-06-16 23:33:36.733] [exthost] [info] ExtensionService#loadCommonJSModule /home/knight/.vscode/extensions/eamodio.gitlens-9.8.2/dist/extension
[2019-06-16 23:33:36.943] [exthost] [info] ExtensionService#_doActivateExtension EditorConfig.EditorConfig {"startup":true,"activationEvent":"*"}
[2019-06-16 23:33:36.943] [exthost] [info] ExtensionService#loadCommonJSModule /home/knight/.vscode/extensions/editorconfig.editorconfig-0.13.0/out/src/editorConfigMain
[2019-06-16 23:33:36.980] [exthost] [info] ExtensionService#_doActivateExtension eppz.eppz-code {"startup":true,"activationEvent":"*"}
[2019-06-16 23:33:36.980] [exthost] [info] ExtensionService#loadCommonJSModule /home/knight/.vscode/extensions/eppz.eppz-code-1.2.41/out/src/main
[2019-06-16 23:33:37.267] [exthost] [info] ExtensionService#_doActivateExtension Equinusocio.vsc-material-theme {"startup":true,"activationEvent":"*"}
[2019-06-16 23:33:37.267] [exthost] [info] ExtensionService#loadCommonJSModule /home/knight/.vscode/extensions/equinusocio.vsc-material-theme-2.9.0/out/src/material.theme.config
[2019-06-16 23:33:37.278] [exthost] [info] ExtensionService#_doActivateExtension esbenp.prettier-vscode {"startup":true,"activationEvent":"*"}
[2019-06-16 23:33:37.278] [exthost] [info] ExtensionService#loadCommonJSModule /home/knight/.vscode/extensions/esbenp.prettier-vscode-1.9.0/out/src/extension
[2019-06-16 23:33:37.519] [exthost] [info] ExtensionService#_doActivateExtension formulahendry.auto-close-tag {"startup":true,"activationEvent":"*"}
[2019-06-16 23:33:37.519] [exthost] [info] ExtensionService#loadCommonJSModule /home/knight/.vscode/extensions/formulahendry.auto-close-tag-0.5.6/out/src/extension
[2019-06-16 23:33:37.521] [exthost] [info] ExtensionService#_doActivateExtension formulahendry.auto-rename-tag {"startup":true,"activationEvent":"*"}
[2019-06-16 23:33:37.521] [exthost] [info] ExtensionService#loadCommonJSModule /home/knight/.vscode/extensions/formulahendry.auto-rename-tag-0.1.0/out/src/extension
[2019-06-16 23:33:37.524] [exthost] [info] ExtensionService#_doActivateExtension geddski.macros {"startup":true,"activationEvent":"*"}
[2019-06-16 23:33:37.524] [exthost] [info] ExtensionService#loadCommonJSModule /home/knight/.vscode/extensions/geddski.macros-1.2.1/extension
[2019-06-16 23:33:37.565] [exthost] [info] ExtensionService#_doActivateExtension HookyQR.beautify {"startup":true,"activationEvent":"*"}
[2019-06-16 23:33:37.565] [exthost] [info] ExtensionService#loadCommonJSModule /home/knight/.vscode/extensions/hookyqr.beautify-1.5.0/extension
[2019-06-16 23:33:37.633] [exthost] [info] ExtensionService#_doActivateExtension joelday.docthis {"startup":true,"activationEvent":"*"}
[2019-06-16 23:33:37.633] [exthost] [info] ExtensionService#loadCommonJSModule /home/knight/.vscode/extensions/joelday.docthis-0.7.1/out/src/extension
[2019-06-16 23:33:38.217] [exthost] [info] ExtensionService#_doActivateExtension johnpapa.vscode-peacock {"startup":true,"activationEvent":"*"}
[2019-06-16 23:33:38.217] [exthost] [info] ExtensionService#loadCommonJSModule /home/knight/.vscode/extensions/johnpapa.vscode-peacock-2.4.0/dist/extension
[2019-06-16 23:33:38.230] [exthost] [info] ExtensionService#_doActivateExtension kisstkondoros.vscode-codemetrics {"startup":true,"activationEvent":"*"}
[2019-06-16 23:33:38.231] [exthost] [info] ExtensionService#loadCommonJSModule /home/knight/.vscode/extensions/kisstkondoros.vscode-codemetrics-1.18.1/out/src/extension
[2019-06-16 23:33:38.847] [exthost] [info] ExtensionService#_doActivateExtension mishkinf.goto-next-previous-member {"startup":true,"activationEvent":"*"}
[2019-06-16 23:33:38.847] [exthost] [info] ExtensionService#loadCommonJSModule /home/knight/.vscode/extensions/mishkinf.goto-next-previous-member-0.0.5/out/extension
[2019-06-16 23:33:38.849] [exthost] [info] ExtensionService#_doActivateExtension naumovs.color-highlight {"startup":true,"activationEvent":"*"}
[2019-06-16 23:33:38.849] [exthost] [info] ExtensionService#loadCommonJSModule /home/knight/.vscode/extensions/naumovs.color-highlight-2.3.0/dist/extension
[2019-06-16 23:33:38.886] [exthost] [info] ExtensionService#_doActivateExtension nrwl.angular-console {"startup":true,"activationEvent":"*"}
[2019-06-16 23:33:38.886] [exthost] [info] ExtensionService#loadCommonJSModule /home/knight/.vscode/extensions/nrwl.angular-console-8.0.5/main.js
[2019-06-16 23:33:38.952] [exthost] [info] ExtensionService#_doActivateExtension PKief.material-icon-theme {"startup":true,"activationEvent":"*"}
[2019-06-16 23:33:38.952] [exthost] [info] ExtensionService#loadCommonJSModule /home/knight/.vscode/extensions/pkief.material-icon-theme-3.8.0/dist/extension
[2019-06-16 23:33:38.984] [exthost] [info] ExtensionService#_doActivateExtension tombonnike.vscode-status-bar-format-toggle {"startup":true,"activationEvent":"*"}
[2019-06-16 23:33:38.984] [exthost] [info] ExtensionService#loadCommonJSModule /home/knight/.vscode/extensions/tombonnike.vscode-status-bar-format-toggle-1.5.0/out/src/extension
[2019-06-16 23:33:39.028] [exthost] [info] ExtensionService#_doActivateExtension ms-vscode.csharp {"startup":true,"activationEvent":"*"}
[2019-06-16 23:33:39.028] [exthost] [info] ExtensionService#loadCommonJSModule /home/knight/.vscode/extensions/ms-vscode.csharp-1.20.0/dist/extension
[2019-06-16 23:33:39.329] [exthost] [info] ExtensionService#_doActivateExtension wayou.vscode-todo-highlight {"startup":true,"activationEvent":"*"}
[2019-06-16 23:33:39.329] [exthost] [info] ExtensionService#loadCommonJSModule /home/knight/.vscode/extensions/wayou.vscode-todo-highlight-1.0.4/src/extension
[2019-06-16 23:33:40.680] [exthost] [info] eager extensions activated
[2019-06-16 23:33:41.019] [exthost] [info] ExtensionService#_doActivateExtension Unity.unity-debug {"startup":true,"activationEvent":"*"}
[2019-06-16 23:33:41.019] [exthost] [info] ExtensionService#loadCommonJSModule /home/knight/.vscode/extensions/unity.unity-debug-2.7.2/out/attach.js
[2019-06-17 00:15:17.212] [exthost] [info] extension host started
[2019-06-17 00:15:17.441] [exthost] [info] ExtensionService#_doActivateExtension Ikuyadeu.r {"startup":false,"activationEvent":"onLanguage:r"}
[2019-06-17 00:15:17.441] [exthost] [info] ExtensionService#loadCommonJSModule /home/knight/.vscode/extensions/ikuyadeu.r-1.1.0/dist/extension
[2019-06-17 00:15:17.611] [exthost] [info] ExtensionService#_doActivateExtension Mikhail-Arkhipov.r {"startup":false,"activationEvent":"onLanguage:r"}
[2019-06-17 00:15:17.611] [exthost] [info] ExtensionService#loadCommonJSModule /home/knight/.vscode/extensions/mikhail-arkhipov.r-0.0.6/out/src/extension
[2019-06-17 00:15:17.780] [exthost] [info] ExtensionService#_doActivateExtension vscode.debug-auto-launch {"startup":true,"activationEvent":"*"}
[2019-06-17 00:15:17.780] [exthost] [info] ExtensionService#loadCommonJSModule /opt/visual-studio-code/resources/app/extensions/debug-auto-launch/dist/extension
[2019-06-17 00:15:17.787] [exthost] [info] ExtensionService#_doActivateExtension vscode.emmet {"startup":true,"activationEvent":"*"}
[2019-06-17 00:15:17.787] [exthost] [info] ExtensionService#loadCommonJSModule /opt/visual-studio-code/resources/app/extensions/emmet/dist/extension
[2019-06-17 00:15:17.823] [exthost] [info] ExtensionService#_doActivateExtension vscode.git {"startup":true,"activationEvent":"*"}
[2019-06-17 00:15:17.823] [exthost] [info] ExtensionService#loadCommonJSModule /opt/visual-studio-code/resources/app/extensions/git/dist/main
[2019-06-17 00:15:18.201] [exthost] [info] ExtensionService#_doActivateExtension vscode.merge-conflict {"startup":true,"activationEvent":"*"}
[2019-06-17 00:15:18.201] [exthost] [info] ExtensionService#loadCommonJSModule /opt/visual-studio-code/resources/app/extensions/merge-conflict/dist/extension
[2019-06-17 00:15:18.359] [exthost] [info] ExtensionService#_doActivateExtension alefragnani.Bookmarks {"startup":true,"activationEvent":"*"}
[2019-06-17 00:15:18.359] [exthost] [info] ExtensionService#loadCommonJSModule /home/knight/.vscode/extensions/alefragnani.bookmarks-10.4.4/dist/extension
[2019-06-17 00:15:18.394] [exthost] [info] ExtensionService#_doActivateExtension alefragnani.project-manager {"startup":true,"activationEvent":"*"}
[2019-06-17 00:15:18.394] [exthost] [info] ExtensionService#loadCommonJSModule /home/knight/.vscode/extensions/alefragnani.project-manager-10.5.2/dist/extension
[2019-06-17 00:15:18.427] [exthost] [info] ExtensionService#_doActivateExtension christian-kohler.path-intellisense {"startup":true,"activationEvent":"*"}
[2019-06-17 00:15:18.427] [exthost] [info] ExtensionService#loadCommonJSModule /home/knight/.vscode/extensions/christian-kohler.path-intellisense-1.4.2/out/src/extension
[2019-06-17 00:15:18.600] [exthost] [info] ExtensionService#_doActivateExtension CoenraadS.bracket-pair-colorizer {"startup":true,"activationEvent":"*"}
[2019-06-17 00:15:18.600] [exthost] [info] ExtensionService#loadCommonJSModule /home/knight/.vscode/extensions/coenraads.bracket-pair-colorizer-1.0.61/out/src/extension
[2019-06-17 00:15:18.836] [exthost] [info] ExtensionService#_doActivateExtension dbaeumer.vscode-eslint {"startup":true,"activationEvent":"*"}
[2019-06-17 00:15:18.836] [exthost] [info] ExtensionService#loadCommonJSModule /home/knight/.vscode/extensions/dbaeumer.vscode-eslint-1.9.0/client/out/extension
[2019-06-17 00:15:18.957] [exthost] [info] ExtensionService#_doActivateExtension eamodio.gitlens {"startup":true,"activationEvent":"*"}
[2019-06-17 00:15:18.957] [exthost] [info] ExtensionService#loadCommonJSModule /home/knight/.vscode/extensions/eamodio.gitlens-9.8.2/dist/extension
[2019-06-17 00:15:19.191] [exthost] [info] ExtensionService#_doActivateExtension EditorConfig.EditorConfig {"startup":true,"activationEvent":"*"}
[2019-06-17 00:15:19.191] [exthost] [info] ExtensionService#loadCommonJSModule /home/knight/.vscode/extensions/editorconfig.editorconfig-0.13.0/out/src/editorConfigMain
[2019-06-17 00:15:19.432] [exthost] [info] ExtensionService#_doActivateExtension eppz.eppz-code {"startup":true,"activationEvent":"*"}
[2019-06-17 00:15:19.432] [exthost] [info] ExtensionService#loadCommonJSModule /home/knight/.vscode/extensions/eppz.eppz-code-1.2.41/out/src/main
[2019-06-17 00:15:19.976] [exthost] [info] ExtensionService#_doActivateExtension Equinusocio.vsc-material-theme {"startup":true,"activationEvent":"*"}
[2019-06-17 00:15:19.976] [exthost] [info] ExtensionService#loadCommonJSModule /home/knight/.vscode/extensions/equinusocio.vsc-material-theme-2.9.0/out/src/material.theme.config
[2019-06-17 00:15:19.988] [exthost] [info] ExtensionService#_doActivateExtension esbenp.prettier-vscode {"startup":true,"activationEvent":"*"}
[2019-06-17 00:15:19.988] [exthost] [info] ExtensionService#loadCommonJSModule /home/knight/.vscode/extensions/esbenp.prettier-vscode-1.9.0/out/src/extension
[2019-06-17 00:15:20.436] [exthost] [info] ExtensionService#_doActivateExtension formulahendry.auto-close-tag {"startup":true,"activationEvent":"*"}
[2019-06-17 00:15:20.436] [exthost] [info] ExtensionService#loadCommonJSModule /home/knight/.vscode/extensions/formulahendry.auto-close-tag-0.5.6/out/src/extension
[2019-06-17 00:15:20.441] [exthost] [info] ExtensionService#_doActivateExtension formulahendry.auto-rename-tag {"startup":true,"activationEvent":"*"}
[2019-06-17 00:15:20.441] [exthost] [info] ExtensionService#loadCommonJSModule /home/knight/.vscode/extensions/formulahendry.auto-rename-tag-0.1.0/out/src/extension
[2019-06-17 00:15:20.447] [exthost] [info] ExtensionService#_doActivateExtension geddski.macros {"startup":true,"activationEvent":"*"}
[2019-06-17 00:15:20.447] [exthost] [info] ExtensionService#loadCommonJSModule /home/knight/.vscode/extensions/geddski.macros-1.2.1/extension
[2019-06-17 00:15:20.829] [exthost] [info] ExtensionService#_doActivateExtension HookyQR.beautify {"startup":true,"activationEvent":"*"}
[2019-06-17 00:15:20.829] [exthost] [info] ExtensionService#loadCommonJSModule /home/knight/.vscode/extensions/hookyqr.beautify-1.5.0/extension
[2019-06-17 00:15:21.793] [exthost] [info] ExtensionService#_doActivateExtension joelday.docthis {"startup":true,"activationEvent":"*"}
[2019-06-17 00:15:21.793] [exthost] [info] ExtensionService#loadCommonJSModule /home/knight/.vscode/extensions/joelday.docthis-0.7.1/out/src/extension
[2019-06-17 00:15:22.751] [exthost] [info] ExtensionService#_doActivateExtension johnpapa.vscode-peacock {"startup":true,"activationEvent":"*"}
[2019-06-17 00:15:22.751] [exthost] [info] ExtensionService#loadCommonJSModule /home/knight/.vscode/extensions/johnpapa.vscode-peacock-2.4.0/dist/extension
[2019-06-17 00:15:22.769] [exthost] [info] ExtensionService#_doActivateExtension kisstkondoros.vscode-codemetrics {"startup":true,"activationEvent":"*"}
[2019-06-17 00:15:22.770] [exthost] [info] ExtensionService#loadCommonJSModule /home/knight/.vscode/extensions/kisstkondoros.vscode-codemetrics-1.18.1/out/src/extension
[2019-06-17 00:15:23.965] [exthost] [info] ExtensionService#_doActivateExtension mishkinf.goto-next-previous-member {"startup":true,"activationEvent":"*"}
[2019-06-17 00:15:23.965] [exthost] [info] ExtensionService#loadCommonJSModule /home/knight/.vscode/extensions/mishkinf.goto-next-previous-member-0.0.5/out/extension
[2019-06-17 00:15:23.971] [exthost] [info] ExtensionService#_doActivateExtension naumovs.color-highlight {"startup":true,"activationEvent":"*"}
[2019-06-17 00:15:23.971] [exthost] [info] ExtensionService#loadCommonJSModule /home/knight/.vscode/extensions/naumovs.color-highlight-2.3.0/dist/extension
[2019-06-17 00:15:24.029] [exthost] [info] ExtensionService#_doActivateExtension nrwl.angular-console {"startup":true,"activationEvent":"*"}
[2019-06-17 00:15:24.029] [exthost] [info] ExtensionService#loadCommonJSModule /home/knight/.vscode/extensions/nrwl.angular-console-8.0.5/main.js
[2019-06-17 00:15:24.131] [exthost] [info] ExtensionService#_doActivateExtension PKief.material-icon-theme {"startup":true,"activationEvent":"*"}
[2019-06-17 00:15:24.131] [exthost] [info] ExtensionService#loadCommonJSModule /home/knight/.vscode/extensions/pkief.material-icon-theme-3.8.0/dist/extension
[2019-06-17 00:15:24.163] [exthost] [info] ExtensionService#_doActivateExtension tombonnike.vscode-status-bar-format-toggle {"startup":true,"activationEvent":"*"}
[2019-06-17 00:15:24.163] [exthost] [info] ExtensionService#loadCommonJSModule /home/knight/.vscode/extensions/tombonnike.vscode-status-bar-format-toggle-1.5.0/out/src/extension
[2019-06-17 00:15:24.407] [exthost] [info] ExtensionService#_doActivateExtension ms-vscode.csharp {"startup":true,"activationEvent":"*"}
[2019-06-17 00:15:24.407] [exthost] [info] ExtensionService#loadCommonJSModule /home/knight/.vscode/extensions/ms-vscode.csharp-1.20.0/dist/extension
[2019-06-17 00:15:24.798] [exthost] [info] ExtensionService#_doActivateExtension wayou.vscode-todo-highlight {"startup":true,"activationEvent":"*"}
[2019-06-17 00:15:24.798] [exthost] [info] ExtensionService#loadCommonJSModule /home/knight/.vscode/extensions/wayou.vscode-todo-highlight-1.0.4/src/extension
[2019-06-17 00:15:25.655] [exthost] [info] ExtensionService#_doActivateExtension vscode.configuration-editing {"startup":false,"activationEvent":"onLanguage:jsonc"}
[2019-06-17 00:15:25.655] [exthost] [info] ExtensionService#loadCommonJSModule /opt/visual-studio-code/resources/app/extensions/configuration-editing/dist/extension
[2019-06-17 00:15:25.724] [exthost] [info] ExtensionService#_doActivateExtension vscode.json-language-features {"startup":false,"activationEvent":"onLanguage:jsonc"}
[2019-06-17 00:15:25.724] [exthost] [info] ExtensionService#loadCommonJSModule /opt/visual-studio-code/resources/app/extensions/json-language-features/client/dist/jsonMain
[2019-06-17 00:15:26.053] [exthost] [info] ExtensionService#_doActivateExtension vscode.typescript-language-features {"startup":false,"activationEvent":"onLanguage:jsonc"}
[2019-06-17 00:15:26.053] [exthost] [info] ExtensionService#loadCommonJSModule /opt/visual-studio-code/resources/app/extensions/typescript-language-features/dist/extension
[2019-06-17 00:15:26.379] [exthost] [info] eager extensions activated
[2019-06-17 00:15:26.464] [exthost] [info] ExtensionService#_doActivateExtension Unity.unity-debug {"startup":true,"activationEvent":"*"}
[2019-06-17 00:15:26.465] [exthost] [info] ExtensionService#loadCommonJSModule /home/knight/.vscode/extensions/unity.unity-debug-2.7.2/out/attach.js
