Initializing document watcher...
Detected change in configuration: {}
learning/src/main.rs: Using EditorConfig core...
learning/src/main.rs: Using EditorConfig core...
learning/src/main.rs: Using EditorConfig core...
learning/src/main.rs: Using EditorConfig core...
learning/src/main.rs: Using EditorConfig core...
learning/src/main.rs: Using EditorConfig core...
learning/.vscode/tasks.json: {}
learning/src/main.rs: {}
learning/src/main.rs: Using EditorConfig core...
learning/src/main.rs: Using EditorConfig core...
learning/src/main.rs: Using EditorConfig core...
learning/src/main.rs: Using EditorConfig core...
learning/.vscode/tasks.json: {}
learning/.vscode/tasks.json: Using EditorConfig core...
learning/.vscode/tasks.json: {}
learning/.vscode/tasks.json: Using EditorConfig core...
learning/.vscode/tasks.json: Using EditorConfig core...
Detected change in configuration: {}
learning/.vscode/tasks.json: Using EditorConfig core...
learning/.vscode/tasks.json: Using EditorConfig core...
learning/.vscode/tasks.json: Using EditorConfig core...
learning/.vscode/tasks.json: Using EditorConfig core...
learning/.vscode/tasks.json: Using EditorConfig core...
learning/src/main.rs: {}
learning/.vscode/tasks.json: {}
learning/.vscode/tasks.json: Using EditorConfig core...
learning/.vscode/tasks.json: Using EditorConfig core...
learning/.vscode/tasks.json: Using EditorConfig core...
learning/src/main.rs: {}
learning/.vscode/tasks.json: {}
learning/.vscode/tasks.json: {}
learning/src/main.rs: {}
tasks: {}
learning/src/main.rs: {}
learning/src/main.rs: {}
learning/src/main.rs: Using EditorConfig core...
learning/src/main.rs: Using EditorConfig core...
learning/src/main.rs: {}
learning/src/main.rs: Using EditorConfig core...
learning/src/main.rs: Using EditorConfig core...
learning/src/main.rs: Using EditorConfig core...
learning/src/main.rs: Using EditorConfig core...
learning/src/main.rs: Using EditorConfig core...
learning/src/main.rs: Using EditorConfig core...
learning/src/main.rs: Using EditorConfig core...
learning/src/main.rs: Using EditorConfig core...
learning/src/main.rs: Using EditorConfig core...
learning/src/main.rs: Using EditorConfig core...
learning/src/main.rs: Using EditorConfig core...
learning/src/main.rs: Using EditorConfig core...
learning/src/main.rs: Using EditorConfig core...
learning/src/main.rs: Using EditorConfig core...
learning/src/main.rs: Using EditorConfig core...
Detected change in configuration: {}
Detected change in configuration: {}
learning/src/main.rs: Using EditorConfig core...
learning/src/main.rs: {}
learning/src/main.rs: Using EditorConfig core...
learning/src/main.rs: Using EditorConfig core...
learning/src/main.rs: Using EditorConfig core...
learning/src/main.rs: Using EditorConfig core...
learning/src/main.rs: {}
learning/src/main.rs: Using EditorConfig core...
learning/src/main.rs: Using EditorConfig core...
learning/src/main.rs: {}
learning/src/main.rs: Using EditorConfig core...
learning/src/main.rs: Using EditorConfig core...
learning/src/main.rs: Using EditorConfig core...
learning/src/main.rs: Using EditorConfig core...
learning/src/main.rs: Using EditorConfig core...
learning/src/main.rs: Using EditorConfig core...
learning/src/main.rs: Using EditorConfig core...
learning/src/main.rs: Using EditorConfig core...
learning/src/main.rs: Using EditorConfig core...
learning/src/main.rs: Using EditorConfig core...
learning/src/main.rs: {}
learning/src/main.rs: Using EditorConfig core...
learning/src/main.rs: Using EditorConfig core...
learning/src/main.rs: Using EditorConfig core...
Detected change in configuration: {}
Detected change in configuration: {}
Detected change in configuration: {}
Untitled-1.txt: {}
Untitled-1.txt: {}
Untitled-1.txt: {}
Untitled-1.txt: {}
Untitled-1.txt: {}
Untitled-1.txt: {}
Untitled-1.txt: {}
Untitled-1.txt: {}
Untitled-1.txt: {}
Untitled-1.txt: {}
Untitled-1.txt: {}
learning/src/main.rs: {}
learning/src/main.rs: Using EditorConfig core...
learning/src/main.rs: Using EditorConfig core...
learning/src/main.rs: Using EditorConfig core...
Untitled-1.txt: {}
Untitled-1.txt: {}
Untitled-1.txt: {}
Untitled-1.txt: {}
learning/src/pattern.rs: Using EditorConfig core...
learning/src/pattern.rs: {}
learning/src/pattern.rs: Using EditorConfig core...
learning/src/pattern.rs: Using EditorConfig core...
learning/src/pattern.rs: Using EditorConfig core...
learning/src/pattern.rs: Using EditorConfig core...
Detected change in configuration: {}
learning/src/pattern.rs: Using EditorConfig core...
learning/src/pattern.rs: Using EditorConfig core...
learning/src/pattern.rs: Using EditorConfig core...
learning/src/pattern.rs: Using EditorConfig core...
learning/src/pattern.rs: Using EditorConfig core...
learning/src/pattern.rs: Using EditorConfig core...
learning/src/pattern.rs: Using EditorConfig core...
learning/src/pattern.rs: Using EditorConfig core...
learning/src/pattern.rs: Using EditorConfig core...
learning/src/pattern.rs: Using EditorConfig core...
learning/src/pattern.rs: Using EditorConfig core...
learning/src/main.rs: {}
learning/src/pattern.rs: {}
learning/src/main.rs: {}
learning/src/pattern.rs: {}
learning/src/main.rs: {}
learning/src/main.rs: Using EditorConfig core...
learning/src/main.rs: Using EditorConfig core...
learning/src/pattern.rs: Using EditorConfig core...
learning/src/main.rs: Using EditorConfig core...
learning/src/main.rs: Using EditorConfig core...
learning/src/main.rs: Using EditorConfig core...
learning/src/main.rs: Using EditorConfig core...
learning/src/main.rs: Using EditorConfig core...
learning/src/main.rs: Using EditorConfig core...
learning/src/main.rs: Using EditorConfig core...
learning/src/main.rs: Using EditorConfig core...
learning/src/main.rs: {}
learning/src/main.rs: Using EditorConfig core...
learning/src/main.rs: Using EditorConfig core...
learning/src/main.rs: {}
learning/src/main.rs: Using EditorConfig core...
learning/src/main.rs: Using EditorConfig core...
learning/src/main.rs: Using EditorConfig core...
learning/src/main.rs: Using EditorConfig core...
Untitled-1.txt: {}
learning/src/main.rs: {}
learning/src/pattern.rs: {}
Untitled-1.txt: {}
learning/src/main.rs: {}
learning/src/pattern.rs: {}
learning/src/pattern.rs: {}
learning/src/pattern.rs: {}
learning/src/pattern.rs: {}
learning/src/struct.rs: Using EditorConfig core...
learning/src/struct.rs: {}
learning/src/struct.rs: Using EditorConfig core...
learning/src/struct.rs: Using EditorConfig core...
learning/src/struct.rs: Using EditorConfig core...
learning/src/main.rs: {}
learning/src/struct.rs: {}
learning/src/main.rs: {}
learning/src/struct.rs: {}
learning/src/main.rs: {}
learning/src/main.rs: {}
learning/src/main.rs: {}
learning/src/main.rs: {}
learning/src/object.rs: Using EditorConfig core...
learning/src/object.rs: {}
learning/src/object.rs: Using EditorConfig core...
learning/src/object.rs: Using EditorConfig core...
learning/src/object.rs: Using EditorConfig core...
learning/src/object.rs: Using EditorConfig core...
learning/src/object.rs: Using EditorConfig core...
learning/src/object.rs: Using EditorConfig core...
learning/src/object.rs: Using EditorConfig core...
learning/src/object.rs: Using EditorConfig core...
learning/src/object.rs: Using EditorConfig core...
learning/src/object.rs: Using EditorConfig core...
learning/src/object.rs: Using EditorConfig core...
Untitled-2.txt: {}
Untitled-2.txt: {}
Untitled-2.txt: {}
Untitled-2.txt: {}
learning/src/main.rs: Using EditorConfig core...
learning/src/main.rs: {}
learning/src/main.rs: Using EditorConfig core...
learning/src/main.rs: Using EditorConfig core...
learning/src/main.rs: Using EditorConfig core...
learning/src/main.rs: Using EditorConfig core...
learning/src/main.rs: Using EditorConfig core...
learning/src/main.rs: Using EditorConfig core...
learning/src/main.rs: {}
learning/src/main.rs: {}
learning/src/main.rs: {}
learning/src/main.rs: {}
learning/src/main.rs: Using EditorConfig core...
learning/src/main.rs: Using EditorConfig core...
learning/src/main.rs: Using EditorConfig core...
learning/src/main.rs: Using EditorConfig core...
learning/src/main.rs: {}
learning/src/main.rs: Using EditorConfig core...
learning/src/main.rs: Using EditorConfig core...
learning/src/main.rs: {}
learning/src/main.rs: {}
learning/src/main.rs: Using EditorConfig core...
learning/src/main.rs: Using EditorConfig core...
learning/src/main.rs: Using EditorConfig core...
learning/src/main.rs: Using EditorConfig core...
learning/src/main.rs: {}
learning/src/main.rs: Using EditorConfig core...
learning/src/main.rs: Using EditorConfig core...
learning/src/main.rs: {}
learning/src/main.rs: {}
learning/src/main.rs: Using EditorConfig core...
learning/src/main.rs: {}
learning/src/main.rs: Using EditorConfig core...
learning/src/main.rs: Using EditorConfig core...
learning/src/main.rs: Using EditorConfig core...
learning/src/main.rs: Using EditorConfig core...
learning/src/main.rs: Using EditorConfig core...
learning/src/main.rs: Using EditorConfig core...
learning/src/main.rs: Using EditorConfig core...
learning/src/main.rs: Using EditorConfig core...
learning/src/main.rs: Using EditorConfig core...
learning/src/main.rs: Using EditorConfig core...
learning/src/main.rs: Using EditorConfig core...
learning/src/main.rs: Using EditorConfig core...
learning/src/main.rs: Using EditorConfig core...
learning/src/main.rs: Using EditorConfig core...
learning/src/main.rs: {}
learning/src/main.rs: Using EditorConfig core...
learning/src/main.rs: Using EditorConfig core...
learning/src/main.rs: {}
learning/src/main.rs: Using EditorConfig core...
learning/src/main.rs: Using EditorConfig core...
learning/src/main.rs: Using EditorConfig core...
learning/src/main.rs: Using EditorConfig core...
learning/src/main.rs: Using EditorConfig core...
learning/src/main.rs: Using EditorConfig core...
learning/src/main.rs: Using EditorConfig core...
learning/src/main.rs: {}
learning/src/main.rs: {}
learning/src/main.rs: Using EditorConfig core...
learning/src/main.rs: Using EditorConfig core...
learning/src/main.rs: Using EditorConfig core...
learning/src/main.rs: Using EditorConfig core...
learning/src/main.rs: {}
learning/src/main.rs: Using EditorConfig core...
learning/src/main.rs: Using EditorConfig core...
learning/src/main.rs: {}
learning/src/main.rs: Using EditorConfig core...
learning/src/main.rs: Using EditorConfig core...
learning/src/main.rs: {}
learning/src/main.rs: Using EditorConfig core...
learning/src/main.rs: Using EditorConfig core...
learning/src/main.rs: Using EditorConfig core...
learning/src/main.rs: {}
learning/src/main.rs: Using EditorConfig core...
learning/src/main.rs: Using EditorConfig core...
learning/src/main.rs: Using EditorConfig core...
learning/src/main.rs: Using EditorConfig core...
learning/src/main.rs: Using EditorConfig core...
learning/src/main.rs: Using EditorConfig core...
learning/src/main.rs: Using EditorConfig core...
learning/src/main.rs: Using EditorConfig core...
learning/src/main.rs: Using EditorConfig core...
learning/src/main.rs: Using EditorConfig core...
learning/src/main.rs: Using EditorConfig core...
learning/src/main.rs: {}
learning/src/main.rs: Using EditorConfig core...
learning/src/main.rs: Using EditorConfig core...
learning/src/main.rs: {}
learning/src/main.rs: Using EditorConfig core...
learning/src/main.rs: Using EditorConfig core...
learning/src/main.rs: Using EditorConfig core...
learning/src/main.rs: Using EditorConfig core...
learning/src/main.rs: Using EditorConfig core...
learning/src/main.rs: Using EditorConfig core...
learning/src/main.rs: Using EditorConfig core...
learning/src/main.rs: Using EditorConfig core...
learning/src/main.rs: Using EditorConfig core...
learning/src/main.rs: Using EditorConfig core...
learning/src/main.rs: Using EditorConfig core...
learning/src/main.rs: Using EditorConfig core...
learning/src/main.rs: Using EditorConfig core...
learning/src/main.rs: Using EditorConfig core...
learning/src/main.rs: {}
learning/src/main.rs: Using EditorConfig core...
learning/src/main.rs: Using EditorConfig core...
