Initializing document watcher...
Detected change in configuration: {}
Nlp/conversion.r: {}
Untitled-1.txt: {}
Untitled-1.txt: {}
Untitled-1.txt: {}
Untitled-1.txt: {}
Nlp/checking.r: Using EditorConfig core...
Nlp/checking.r: {}
Nlp/checking.r: {}
Nlp/checking.r: {}
Nlp/checking.r: {}
Nlp/checking.r: {}
Nlp/checking.r: {}
Nlp/checking.r: {}
Nlp/checking.r: {}
Nlp/checking.r: Using EditorConfig core...
Nlp/checking.r: Using EditorConfig core...
Nlp/checking.r: Using EditorConfig core...
Nlp/checking.r: Using EditorConfig core...
Nlp/checking.r: {}
Nlp/checking.r: Using EditorConfig core...
Nlp/checking.r: Using EditorConfig core...
Nlp/checking.r: {}
Nlp/checking.r: Using EditorConfig core...
Nlp/checking.r: {}
Nlp/checking.r: Using EditorConfig core...
Nlp/checking.r: Using EditorConfig core...
Nlp/checking.r: Using EditorConfig core...
Nlp/checking.r: {}
Nlp/checking.r: {}
Nlp/checking.r: Using EditorConfig core...
Nlp/checking.r: Using EditorConfig core...
Nlp/checking.r: Using EditorConfig core...
Nlp/checking.r: Using EditorConfig core...
Nlp/checking.r: Using EditorConfig core...
Nlp/checking.r: Using EditorConfig core...
Nlp/checking.r: Using EditorConfig core...
Nlp/checking.r: {}
Nlp/checking.r: {}
Nlp/checking.r: {}
Nlp/checking.r: Using EditorConfig core...
Nlp/checking.r: Using EditorConfig core...
Nlp/checking.r: Using EditorConfig core...
Nlp/checking.r: {}
Nlp/checking.r: Using EditorConfig core...
Nlp/checking.r: Using EditorConfig core...
Nlp/checking.r: {}
