[2019-06-17 18:59:13.014] [exthost] [info] extension host started
[2019-06-17 18:59:13.087] [exthost] [info] ExtensionService#_doActivateExtension vscode.debug-auto-launch {"startup":true,"activationEvent":"*"}
[2019-06-17 18:59:13.087] [exthost] [info] ExtensionService#loadCommonJSModule /opt/visual-studio-code/resources/app/extensions/debug-auto-launch/dist/extension
[2019-06-17 18:59:13.213] [exthost] [info] ExtensionService#_doActivateExtension vscode.emmet {"startup":true,"activationEvent":"*"}
[2019-06-17 18:59:13.213] [exthost] [info] ExtensionService#loadCommonJSModule /opt/visual-studio-code/resources/app/extensions/emmet/dist/extension
[2019-06-17 18:59:13.225] [exthost] [info] ExtensionService#_doActivateExtension vscode.git {"startup":true,"activationEvent":"*"}
[2019-06-17 18:59:13.225] [exthost] [info] ExtensionService#loadCommonJSModule /opt/visual-studio-code/resources/app/extensions/git/dist/main
[2019-06-17 18:59:13.318] [exthost] [info] ExtensionService#_doActivateExtension vscode.merge-conflict {"startup":true,"activationEvent":"*"}
[2019-06-17 18:59:13.318] [exthost] [info] ExtensionService#loadCommonJSModule /opt/visual-studio-code/resources/app/extensions/merge-conflict/dist/extension
[2019-06-17 18:59:13.455] [exthost] [info] ExtensionService#_doActivateExtension alefragnani.Bookmarks {"startup":true,"activationEvent":"*"}
[2019-06-17 18:59:13.455] [exthost] [info] ExtensionService#loadCommonJSModule /home/knight/.vscode/extensions/alefragnani.bookmarks-10.4.4/dist/extension
[2019-06-17 18:59:13.470] [exthost] [info] ExtensionService#_doActivateExtension alefragnani.project-manager {"startup":true,"activationEvent":"*"}
[2019-06-17 18:59:13.470] [exthost] [info] ExtensionService#loadCommonJSModule /home/knight/.vscode/extensions/alefragnani.project-manager-10.5.2/dist/extension
[2019-06-17 18:59:13.510] [exthost] [info] ExtensionService#_doActivateExtension christian-kohler.path-intellisense {"startup":true,"activationEvent":"*"}
[2019-06-17 18:59:13.510] [exthost] [info] ExtensionService#loadCommonJSModule /home/knight/.vscode/extensions/christian-kohler.path-intellisense-1.4.2/out/src/extension
[2019-06-17 18:59:13.556] [exthost] [info] ExtensionService#_doActivateExtension CoenraadS.bracket-pair-colorizer {"startup":true,"activationEvent":"*"}
[2019-06-17 18:59:13.556] [exthost] [info] ExtensionService#loadCommonJSModule /home/knight/.vscode/extensions/coenraads.bracket-pair-colorizer-1.0.61/out/src/extension
[2019-06-17 18:59:13.608] [exthost] [info] ExtensionService#_doActivateExtension dbaeumer.vscode-eslint {"startup":true,"activationEvent":"*"}
[2019-06-17 18:59:13.608] [exthost] [info] ExtensionService#loadCommonJSModule /home/knight/.vscode/extensions/dbaeumer.vscode-eslint-1.9.0/client/out/extension
[2019-06-17 18:59:13.664] [exthost] [info] ExtensionService#_doActivateExtension eamodio.gitlens {"startup":true,"activationEvent":"*"}
[2019-06-17 18:59:13.664] [exthost] [info] ExtensionService#loadCommonJSModule /home/knight/.vscode/extensions/eamodio.gitlens-9.8.2/dist/extension
[2019-06-17 18:59:14.020] [exthost] [info] ExtensionService#_doActivateExtension EditorConfig.EditorConfig {"startup":true,"activationEvent":"*"}
[2019-06-17 18:59:14.020] [exthost] [info] ExtensionService#loadCommonJSModule /home/knight/.vscode/extensions/editorconfig.editorconfig-0.13.0/out/src/editorConfigMain
[2019-06-17 18:59:14.197] [exthost] [info] ExtensionService#_doActivateExtension eppz.eppz-code {"startup":true,"activationEvent":"*"}
[2019-06-17 18:59:14.197] [exthost] [info] ExtensionService#loadCommonJSModule /home/knight/.vscode/extensions/eppz.eppz-code-1.2.41/out/src/main
[2019-06-17 18:59:14.441] [exthost] [info] ExtensionService#_doActivateExtension Equinusocio.vsc-material-theme {"startup":true,"activationEvent":"*"}
[2019-06-17 18:59:14.441] [exthost] [info] ExtensionService#loadCommonJSModule /home/knight/.vscode/extensions/equinusocio.vsc-material-theme-2.9.0/out/src/material.theme.config
[2019-06-17 18:59:14.455] [exthost] [info] ExtensionService#_doActivateExtension esbenp.prettier-vscode {"startup":true,"activationEvent":"*"}
[2019-06-17 18:59:14.455] [exthost] [info] ExtensionService#loadCommonJSModule /home/knight/.vscode/extensions/esbenp.prettier-vscode-1.9.0/out/src/extension
[2019-06-17 18:59:14.558] [exthost] [info] ExtensionService#_doActivateExtension formulahendry.auto-close-tag {"startup":true,"activationEvent":"*"}
[2019-06-17 18:59:14.558] [exthost] [info] ExtensionService#loadCommonJSModule /home/knight/.vscode/extensions/formulahendry.auto-close-tag-0.5.6/out/src/extension
[2019-06-17 18:59:14.559] [exthost] [info] ExtensionService#_doActivateExtension formulahendry.auto-rename-tag {"startup":true,"activationEvent":"*"}
[2019-06-17 18:59:14.559] [exthost] [info] ExtensionService#loadCommonJSModule /home/knight/.vscode/extensions/formulahendry.auto-rename-tag-0.1.0/out/src/extension
[2019-06-17 18:59:14.563] [exthost] [info] ExtensionService#_doActivateExtension geddski.macros {"startup":true,"activationEvent":"*"}
[2019-06-17 18:59:14.563] [exthost] [info] ExtensionService#loadCommonJSModule /home/knight/.vscode/extensions/geddski.macros-1.2.1/extension
[2019-06-17 18:59:14.613] [exthost] [info] ExtensionService#_doActivateExtension HookyQR.beautify {"startup":true,"activationEvent":"*"}
[2019-06-17 18:59:14.613] [exthost] [info] ExtensionService#loadCommonJSModule /home/knight/.vscode/extensions/hookyqr.beautify-1.5.0/extension
[2019-06-17 18:59:14.663] [exthost] [info] ExtensionService#_doActivateExtension joelday.docthis {"startup":true,"activationEvent":"*"}
[2019-06-17 18:59:14.663] [exthost] [info] ExtensionService#loadCommonJSModule /home/knight/.vscode/extensions/joelday.docthis-0.7.1/out/src/extension
[2019-06-17 18:59:15.186] [exthost] [info] ExtensionService#_doActivateExtension johnpapa.vscode-peacock {"startup":true,"activationEvent":"*"}
[2019-06-17 18:59:15.186] [exthost] [info] ExtensionService#loadCommonJSModule /home/knight/.vscode/extensions/johnpapa.vscode-peacock-2.4.0/dist/extension
[2019-06-17 18:59:15.208] [exthost] [info] ExtensionService#_doActivateExtension kisstkondoros.vscode-codemetrics {"startup":true,"activationEvent":"*"}
[2019-06-17 18:59:15.208] [exthost] [info] ExtensionService#loadCommonJSModule /home/knight/.vscode/extensions/kisstkondoros.vscode-codemetrics-1.18.1/out/src/extension
[2019-06-17 18:59:15.753] [exthost] [info] ExtensionService#_doActivateExtension mishkinf.goto-next-previous-member {"startup":true,"activationEvent":"*"}
[2019-06-17 18:59:15.753] [exthost] [info] ExtensionService#loadCommonJSModule /home/knight/.vscode/extensions/mishkinf.goto-next-previous-member-0.0.5/out/extension
[2019-06-17 18:59:15.756] [exthost] [info] ExtensionService#_doActivateExtension naumovs.color-highlight {"startup":true,"activationEvent":"*"}
[2019-06-17 18:59:15.756] [exthost] [info] ExtensionService#loadCommonJSModule /home/knight/.vscode/extensions/naumovs.color-highlight-2.3.0/dist/extension
[2019-06-17 18:59:15.783] [exthost] [info] ExtensionService#_doActivateExtension nrwl.angular-console {"startup":true,"activationEvent":"*"}
[2019-06-17 18:59:15.783] [exthost] [info] ExtensionService#loadCommonJSModule /home/knight/.vscode/extensions/nrwl.angular-console-8.0.5/main.js
[2019-06-17 18:59:15.879] [exthost] [info] ExtensionService#_doActivateExtension PKief.material-icon-theme {"startup":true,"activationEvent":"*"}
[2019-06-17 18:59:15.879] [exthost] [info] ExtensionService#loadCommonJSModule /home/knight/.vscode/extensions/pkief.material-icon-theme-3.8.0/dist/extension
[2019-06-17 18:59:15.972] [exthost] [info] ExtensionService#_doActivateExtension tombonnike.vscode-status-bar-format-toggle {"startup":true,"activationEvent":"*"}
[2019-06-17 18:59:15.972] [exthost] [info] ExtensionService#loadCommonJSModule /home/knight/.vscode/extensions/tombonnike.vscode-status-bar-format-toggle-1.5.0/out/src/extension
[2019-06-17 18:59:16.015] [exthost] [info] ExtensionService#_doActivateExtension ms-vscode.csharp {"startup":true,"activationEvent":"*"}
[2019-06-17 18:59:16.015] [exthost] [info] ExtensionService#loadCommonJSModule /home/knight/.vscode/extensions/ms-vscode.csharp-1.20.0/dist/extension
[2019-06-17 18:59:16.347] [exthost] [info] ExtensionService#_doActivateExtension wayou.vscode-todo-highlight {"startup":true,"activationEvent":"*"}
[2019-06-17 18:59:16.347] [exthost] [info] ExtensionService#loadCommonJSModule /home/knight/.vscode/extensions/wayou.vscode-todo-highlight-1.0.4/src/extension
[2019-06-17 18:59:16.470] [exthost] [info] eager extensions activated
[2019-06-17 18:59:17.113] [exthost] [info] ExtensionService#_doActivateExtension Unity.unity-debug {"startup":true,"activationEvent":"*"}
[2019-06-17 18:59:17.113] [exthost] [info] ExtensionService#loadCommonJSModule /home/knight/.vscode/extensions/unity.unity-debug-2.7.2/out/attach.js
