[2019-06-14 20:38:07.521] [sharedprocess] [info] main {"machineId":"b4c5fb79920f8c04b74a33d121bda25fb61ba4d21fe78c5955b78475426cc273"}
[2019-06-14 20:38:08.059] [sharedprocess] [info] Scanned system extensions: 72
[2019-06-14 20:38:08.120] [sharedprocess] [info] Scanned system extensions: 72
[2019-06-14 20:38:08.134] [sharedprocess] [info] Scanned system extensions: 72
[2019-06-14 20:38:08.255] [sharedprocess] [info] Scanned user extensions: 91
[2019-06-14 20:38:08.313] [sharedprocess] [info] Scanned user extensions: 91
[2019-06-14 20:38:08.462] [sharedprocess] [info] Scanned user extensions: 91
[2019-06-14 20:38:08.649] [sharedprocess] [info] Scanned user extensions: 91
[2019-06-14 20:38:08.803] [sharedprocess] [info] Deleted from disk nrwl.angular-console /home/knight/.vscode/extensions/nrwl.angular-console-8.0.3
[2019-06-14 20:38:23.637] [sharedprocess] [info] Scanned system extensions: 72
[2019-06-14 20:38:23.640] [sharedprocess] [info] Scanned system extensions: 72
[2019-06-14 20:38:23.642] [sharedprocess] [info] Scanned system extensions: 72
[2019-06-14 20:38:23.825] [sharedprocess] [info] Scanned user extensions: 91
[2019-06-14 20:38:23.855] [sharedprocess] [info] Scanned user extensions: 91
[2019-06-14 20:38:23.881] [sharedprocess] [info] Scanned user extensions: 91
[2019-06-14 20:38:23.908] [sharedprocess] [info] Scanned user extensions: 91
[2019-06-14 20:38:35.726] [sharedprocess] [info] Installing extension: mikhail-arkhipov.r
[2019-06-14 20:38:35.867] [sharedprocess] [info] Scanned user extensions: 91
[2019-06-14 20:38:43.140] [sharedprocess] [info] Downloaded extension: mikhail-arkhipov.r /tmp/c87439fa-e57b-41a9-8f87-c8653bd8113f
[2019-06-14 20:38:47.539] [sharedprocess] [info] Starting to clean up unused language packs.
[2019-06-14 20:38:51.049] [sharedprocess] [info] Extracted extension to /home/knight/.vscode/extensions/.mikhail-arkhipov.r-0.0.6: mikhail-arkhipov.r
[2019-06-14 20:38:51.050] [sharedprocess] [info] Renamed to /home/knight/.vscode/extensions/mikhail-arkhipov.r-0.0.6
[2019-06-14 20:38:51.053] [sharedprocess] [info] Installation completed. mikhail-arkhipov.r
[2019-06-14 20:38:51.202] [sharedprocess] [info] Extensions installed successfully: mikhail-arkhipov.r
[2019-06-14 20:39:39.837] [sharedprocess] [info] Scanned system extensions: 72
[2019-06-14 20:39:39.842] [sharedprocess] [info] Scanned system extensions: 72
[2019-06-14 20:39:39.845] [sharedprocess] [info] Scanned system extensions: 72
[2019-06-14 20:39:39.855] [sharedprocess] [info] Scanned system extensions: 72
[2019-06-14 20:39:40.145] [sharedprocess] [info] Scanned user extensions: 92
[2019-06-14 20:39:40.174] [sharedprocess] [info] Scanned user extensions: 92
[2019-06-14 20:39:40.209] [sharedprocess] [info] Scanned user extensions: 92
[2019-06-14 20:39:40.234] [sharedprocess] [info] Scanned user extensions: 92
[2019-06-14 20:39:40.262] [sharedprocess] [info] Scanned user extensions: 92
[2019-06-14 20:39:41.767] [sharedprocess] [info] Scanned user extensions: 92
[2019-06-14 20:42:26.129] [sharedprocess] [info] Scanned system extensions: 72
[2019-06-14 20:42:26.261] [sharedprocess] [info] Scanned user extensions: 92
[2019-06-14 20:42:28.642] [sharedprocess] [info] Scanned user extensions: 92
[2019-06-14 20:42:52.728] [sharedprocess] [info] Scanned system extensions: 72
[2019-06-14 20:42:52.731] [sharedprocess] [info] Scanned system extensions: 72
[2019-06-14 20:42:52.732] [sharedprocess] [info] Scanned system extensions: 72
[2019-06-14 20:42:52.878] [sharedprocess] [info] Scanned user extensions: 92
[2019-06-14 20:42:52.897] [sharedprocess] [info] Scanned user extensions: 92
[2019-06-14 20:42:52.927] [sharedprocess] [info] Scanned user extensions: 92
[2019-06-14 20:42:52.946] [sharedprocess] [info] Scanned user extensions: 92
[2019-06-14 20:43:00.015] [sharedprocess] [info] Installing extension: formulahendry.dotnet
[2019-06-14 20:43:00.356] [sharedprocess] [info] Scanned user extensions: 92
[2019-06-14 20:43:02.566] [sharedprocess] [info] Downloaded extension: formulahendry.dotnet /tmp/2563bf58-f503-44e8-8b49-46d500fc6d7c
[2019-06-14 20:43:03.777] [sharedprocess] [info] Extracted extension to /home/knight/.vscode/extensions/.formulahendry.dotnet-0.0.4: formulahendry.dotnet
[2019-06-14 20:43:03.778] [sharedprocess] [info] Renamed to /home/knight/.vscode/extensions/formulahendry.dotnet-0.0.4
[2019-06-14 20:43:03.780] [sharedprocess] [info] Installation completed. formulahendry.dotnet
[2019-06-14 20:43:03.920] [sharedprocess] [info] Extensions installed successfully: formulahendry.dotnet
[2019-06-14 20:45:33.523] [sharedprocess] [info] Scanned system extensions: 72
[2019-06-14 20:45:33.652] [sharedprocess] [info] Scanned user extensions: 93
[2019-06-14 20:45:36.044] [sharedprocess] [info] Scanned user extensions: 93
[2019-06-14 20:45:59.093] [sharedprocess] [info] Scanned system extensions: 72
[2019-06-14 20:45:59.100] [sharedprocess] [info] Scanned system extensions: 72
[2019-06-14 20:45:59.101] [sharedprocess] [info] Scanned system extensions: 72
[2019-06-14 20:45:59.285] [sharedprocess] [info] Scanned user extensions: 93
[2019-06-14 20:45:59.311] [sharedprocess] [info] Scanned user extensions: 93
[2019-06-14 20:45:59.335] [sharedprocess] [info] Scanned user extensions: 93
[2019-06-14 20:45:59.369] [sharedprocess] [info] Scanned user extensions: 93
[2019-06-14 20:50:06.185] [sharedprocess] [info] Scanned system extensions: 72
[2019-06-14 20:50:06.187] [sharedprocess] [info] Scanned system extensions: 72
[2019-06-14 20:50:06.189] [sharedprocess] [info] Scanned system extensions: 72
[2019-06-14 20:50:06.340] [sharedprocess] [info] Scanned user extensions: 93
[2019-06-14 20:50:06.373] [sharedprocess] [info] Scanned user extensions: 93
[2019-06-14 20:50:06.395] [sharedprocess] [info] Scanned user extensions: 93
[2019-06-14 20:50:13.550] [sharedprocess] [info] Scanned system extensions: 72
[2019-06-14 20:50:13.586] [sharedprocess] [info] Scanned user extensions: 93
[2019-06-14 20:50:16.060] [sharedprocess] [info] Scanned user extensions: 93
[2019-06-14 20:50:58.689] [sharedprocess] [info] Scanned system extensions: 72
[2019-06-14 20:50:58.692] [sharedprocess] [info] Scanned system extensions: 72
[2019-06-14 20:50:58.697] [sharedprocess] [info] Scanned system extensions: 72
[2019-06-14 20:50:58.859] [sharedprocess] [info] Scanned user extensions: 93
[2019-06-14 20:50:58.889] [sharedprocess] [info] Scanned user extensions: 93
[2019-06-14 20:50:58.913] [sharedprocess] [info] Scanned user extensions: 93
[2019-06-14 20:50:58.934] [sharedprocess] [info] Scanned user extensions: 93
[2019-06-14 20:53:53.355] [sharedprocess] [info] Scanned system extensions: 72
[2019-06-14 20:53:53.454] [sharedprocess] [info] Scanned user extensions: 93
[2019-06-14 20:53:55.901] [sharedprocess] [info] Scanned user extensions: 93
[2019-06-14 20:54:01.970] [sharedprocess] [info] Scanned system extensions: 72
[2019-06-14 20:54:01.975] [sharedprocess] [info] Scanned system extensions: 72
[2019-06-14 20:54:01.978] [sharedprocess] [info] Scanned system extensions: 72
[2019-06-14 20:54:02.175] [sharedprocess] [info] Scanned user extensions: 93
[2019-06-14 20:54:02.200] [sharedprocess] [info] Scanned user extensions: 93
[2019-06-14 20:54:02.227] [sharedprocess] [info] Scanned user extensions: 93
[2019-06-14 20:54:02.259] [sharedprocess] [info] Scanned user extensions: 93
[2019-06-14 20:56:27.178] [sharedprocess] [info] Scanned system extensions: 72
[2019-06-14 20:56:27.181] [sharedprocess] [info] Scanned system extensions: 72
[2019-06-14 20:56:27.183] [sharedprocess] [info] Scanned system extensions: 72
[2019-06-14 20:56:27.300] [sharedprocess] [info] Scanned user extensions: 93
[2019-06-14 20:56:27.322] [sharedprocess] [info] Scanned user extensions: 93
[2019-06-14 20:56:27.349] [sharedprocess] [info] Scanned user extensions: 93
[2019-06-14 20:57:07.674] [sharedprocess] [info] Scanned system extensions: 72
[2019-06-14 20:57:07.744] [sharedprocess] [info] Scanned user extensions: 93
[2019-06-14 20:57:10.209] [sharedprocess] [info] Scanned user extensions: 93
[2019-06-14 20:58:24.275] [sharedprocess] [info] Scanned system extensions: 72
[2019-06-14 20:58:24.277] [sharedprocess] [info] Scanned system extensions: 72
[2019-06-14 20:58:24.279] [sharedprocess] [info] Scanned system extensions: 72
[2019-06-14 20:58:24.459] [sharedprocess] [info] Scanned user extensions: 93
[2019-06-14 20:58:24.478] [sharedprocess] [info] Scanned user extensions: 93
[2019-06-14 20:58:24.500] [sharedprocess] [info] Scanned user extensions: 93
[2019-06-14 20:58:24.531] [sharedprocess] [info] Scanned user extensions: 93
[2019-06-14 20:58:30.835] [sharedprocess] [info] Installing extension: ikuyadeu.r
[2019-06-14 20:58:31.010] [sharedprocess] [info] Scanned user extensions: 93
[2019-06-14 20:58:31.790] [sharedprocess] [info] Downloaded extension: ikuyadeu.r /tmp/0ff83936-7a98-4902-a873-fab46d577aeb
[2019-06-14 20:58:32.147] [sharedprocess] [info] Extracted extension to /home/knight/.vscode/extensions/.ikuyadeu.r-1.1.0: ikuyadeu.r
[2019-06-14 20:58:32.148] [sharedprocess] [info] Renamed to /home/knight/.vscode/extensions/ikuyadeu.r-1.1.0
[2019-06-14 20:58:32.154] [sharedprocess] [info] Installation completed. ikuyadeu.r
[2019-06-14 20:58:32.286] [sharedprocess] [info] Extensions installed successfully: ikuyadeu.r
[2019-06-14 21:00:31.483] [sharedprocess] [info] Scanned system extensions: 72
[2019-06-14 21:00:31.641] [sharedprocess] [info] Scanned user extensions: 94
[2019-06-14 21:00:33.990] [sharedprocess] [info] Scanned user extensions: 94
[2019-06-14 21:01:14.843] [sharedprocess] [info] Scanned system extensions: 72
[2019-06-14 21:01:14.853] [sharedprocess] [info] Scanned system extensions: 72
[2019-06-14 21:01:14.856] [sharedprocess] [info] Scanned system extensions: 72
[2019-06-14 21:01:15.040] [sharedprocess] [info] Scanned user extensions: 94
[2019-06-14 21:01:15.062] [sharedprocess] [info] Scanned user extensions: 94
[2019-06-14 21:01:15.090] [sharedprocess] [info] Scanned user extensions: 94
[2019-06-14 21:01:15.113] [sharedprocess] [info] Scanned user extensions: 94
[2019-06-14 21:02:42.899] [sharedprocess] [info] Scanned system extensions: 72
[2019-06-14 21:02:42.903] [sharedprocess] [info] Scanned system extensions: 72
[2019-06-14 21:02:42.905] [sharedprocess] [info] Scanned system extensions: 72
[2019-06-14 21:02:42.909] [sharedprocess] [info] Scanned system extensions: 72
[2019-06-14 21:02:43.394] [sharedprocess] [info] Scanned user extensions: 94
[2019-06-14 21:02:43.416] [sharedprocess] [info] Scanned user extensions: 94
[2019-06-14 21:02:43.437] [sharedprocess] [info] Scanned user extensions: 94
[2019-06-14 21:02:43.464] [sharedprocess] [info] Scanned user extensions: 94
[2019-06-14 21:02:43.493] [sharedprocess] [info] Scanned user extensions: 94
[2019-06-14 21:02:45.179] [sharedprocess] [info] Scanned user extensions: 94
[2019-06-14 21:07:45.412] [sharedprocess] [info] Scanned user extensions: 94
[2019-06-14 21:12:45.628] [sharedprocess] [info] Scanned user extensions: 94
[2019-06-14 21:17:45.862] [sharedprocess] [info] Scanned user extensions: 94
[2019-06-14 21:22:46.144] [sharedprocess] [info] Scanned user extensions: 94
[2019-06-14 21:27:46.481] [sharedprocess] [info] Scanned user extensions: 94
[2019-06-14 21:32:46.855] [sharedprocess] [info] Scanned user extensions: 94
[2019-06-14 21:37:47.287] [sharedprocess] [info] Scanned user extensions: 94
[2019-06-14 21:42:47.657] [sharedprocess] [info] Scanned user extensions: 94
[2019-06-14 21:47:47.886] [sharedprocess] [info] Scanned user extensions: 94
[2019-06-14 21:52:48.155] [sharedprocess] [info] Scanned user extensions: 94
[2019-06-14 21:57:48.740] [sharedprocess] [info] Scanned user extensions: 94
[2019-06-14 22:02:48.964] [sharedprocess] [info] Scanned user extensions: 94
[2019-06-14 22:07:49.461] [sharedprocess] [info] Scanned user extensions: 94
[2019-06-14 22:12:49.688] [sharedprocess] [info] Scanned user extensions: 94
[2019-06-14 22:17:50.094] [sharedprocess] [info] Scanned user extensions: 94
[2019-06-14 22:22:50.297] [sharedprocess] [info] Scanned user extensions: 94
[2019-06-14 22:27:50.537] [sharedprocess] [info] Scanned user extensions: 94
[2019-06-14 22:32:50.771] [sharedprocess] [info] Scanned user extensions: 94
[2019-06-14 23:05:06.745] [sharedprocess] [info] Scanned user extensions: 94
[2019-06-14 23:10:07.008] [sharedprocess] [info] Scanned user extensions: 94
[2019-06-14 23:15:07.244] [sharedprocess] [info] Scanned user extensions: 94
[2019-06-14 23:20:07.451] [sharedprocess] [info] Scanned user extensions: 94
[2019-06-14 23:25:07.804] [sharedprocess] [info] Scanned user extensions: 94
[2019-06-14 23:30:07.996] [sharedprocess] [info] Scanned user extensions: 94
[2019-06-14 23:35:08.204] [sharedprocess] [info] Scanned user extensions: 94
[2019-06-14 23:40:08.383] [sharedprocess] [info] Scanned user extensions: 94
[2019-06-14 23:45:08.687] [sharedprocess] [info] Scanned user extensions: 94
[2019-06-14 23:50:08.987] [sharedprocess] [info] Scanned user extensions: 94
[2019-06-14 23:55:09.356] [sharedprocess] [info] Scanned user extensions: 94
[2019-06-15 00:00:09.730] [sharedprocess] [info] Scanned user extensions: 94
[2019-06-15 01:28:14.545] [sharedprocess] [info] Scanned user extensions: 94
[2019-06-15 01:33:14.750] [sharedprocess] [info] Scanned user extensions: 94
[2019-06-15 01:38:15.212] [sharedprocess] [info] Scanned user extensions: 94
[2019-06-15 01:43:15.409] [sharedprocess] [info] Scanned user extensions: 94
[2019-06-15 01:48:15.562] [sharedprocess] [info] Scanned user extensions: 94
[2019-06-15 01:53:15.754] [sharedprocess] [info] Scanned user extensions: 94
[2019-06-15 01:58:15.893] [sharedprocess] [info] Scanned user extensions: 94
[2019-06-15 02:03:16.093] [sharedprocess] [info] Scanned user extensions: 94
[2019-06-15 02:08:16.259] [sharedprocess] [info] Scanned user extensions: 94
[2019-06-15 02:13:16.392] [sharedprocess] [info] Scanned user extensions: 94
[2019-06-15 02:26:16.188] [sharedprocess] [info] Scanned user extensions: 94
[2019-06-15 02:31:16.455] [sharedprocess] [info] Scanned user extensions: 94
[2019-06-15 02:36:16.598] [sharedprocess] [info] Scanned user extensions: 94
[2019-06-15 02:41:16.815] [sharedprocess] [info] Scanned user extensions: 94
[2019-06-15 02:46:17.181] [sharedprocess] [info] Scanned user extensions: 94
[2019-06-15 02:51:17.342] [sharedprocess] [info] Scanned user extensions: 94
[2019-06-15 02:56:17.563] [sharedprocess] [info] Scanned user extensions: 94
[2019-06-15 03:01:17.816] [sharedprocess] [info] Scanned user extensions: 94
[2019-06-15 03:06:18.069] [sharedprocess] [info] Scanned user extensions: 94
[2019-06-15 03:11:18.258] [sharedprocess] [info] Scanned user extensions: 94
[2019-06-15 03:16:18.510] [sharedprocess] [info] Scanned user extensions: 94
[2019-06-15 15:36:39.050] [sharedprocess] [info] Scanned user extensions: 94
[2019-06-15 15:41:39.452] [sharedprocess] [info] Scanned user extensions: 94
