Initializing document watcher...
Detected change in configuration: {}
/home/knight/.config/Code/User/unimodalcpp: Using EditorConfig core...
/home/knight/.config/Code/User/unimodalcpp: {}
/home/knight/.config/Code/User/unimodalcpp: Using EditorConfig core...
/home/knight/.config/Code/User/unimodalcpp: Using EditorConfig core...
/home/knight/.config/Code/User/unimodalcpp: {}
/home/knight/.config/Code/User/unimodalcpp: {}
/home/knight/.config/Code/User/unimodalcpp: {}
/home/knight/.config/Code/User/unimodal.c: Using EditorConfig core...
/home/knight/.config/Code/User/unimodal.c: {}
/home/knight/.config/Code/User/unimodal.c: Using EditorConfig core...
/home/knight/.config/Code/User/unimodal.c: Using EditorConfig core...
/home/knight/.config/Code/User/unimodal.c: Using EditorConfig core...
/home/knight/.config/Code/User/unimodal.c: Using EditorConfig core...
/home/knight/.config/Code/User/unimodal.c: Using EditorConfig core...
/home/knight/.config/Code/User/unimodal.c: Using EditorConfig core...
/home/knight/.config/Code/User/unimodal.c: Using EditorConfig core...
/home/knight/.config/Code/User/unimodal.c: Using EditorConfig core...
/home/knight/.config/Code/User/unimodal.c: Using EditorConfig core...
/home/knight/.config/Code/User/unimodal.c: Using EditorConfig core...
/home/knight/.config/Code/User/unimodal.c: Using EditorConfig core...
/home/knight/.config/Code/User/unimodal.c: Using EditorConfig core...
/home/knight/.config/Code/User/unimodal.c: Using EditorConfig core...
/home/knight/.config/Code/User/unimodal.c: Using EditorConfig core...
/home/knight/.config/Code/User/unimodal.c: Using EditorConfig core...
/home/knight/.config/Code/User/unimodal.c: Using EditorConfig core...
/home/knight/.config/Code/User/unimodal.c: Using EditorConfig core...
/home/knight/.config/Code/User/unimodal.c: Using EditorConfig core...
/home/knight/.config/Code/User/unimodal.c: Using EditorConfig core...
/home/knight/.config/Code/User/unimodal.c: Using EditorConfig core...
/home/knight/.config/Code/User/unimodal.c: Using EditorConfig core...
/home/knight/.config/Code/User/unimodal.c: Using EditorConfig core...
/home/knight/.config/Code/User/unimodal.c: Using EditorConfig core...
/home/knight/.config/Code/User/unimodal.c: Using EditorConfig core...
/home/knight/.config/Code/User/unimodal.c: Using EditorConfig core...
/home/knight/.config/Code/User/unimodal.c: Using EditorConfig core...
/home/knight/.config/Code/User/unimodal.c: Using EditorConfig core...
/home/knight/.config/Code/User/unimodal.c: Using EditorConfig core...
/home/knight/.config/Code/User/unimodal.c: Using EditorConfig core...
/home/knight/.config/Code/User/unimodal.c: Using EditorConfig core...
/home/knight/.config/Code/User/unimodal.c: Using EditorConfig core...
/home/knight/.config/Code/User/unimodal.c: Using EditorConfig core...
/home/knight/.config/Code/User/unimodal.c: Using EditorConfig core...
/home/knight/.config/Code/User/unimodal.c: Using EditorConfig core...
/home/knight/.config/Code/User/unimodal.c: Using EditorConfig core...
/home/knight/.config/Code/User/unimodal.c: Using EditorConfig core...
/home/knight/.config/Code/User/unimodal.c: Using EditorConfig core...
/home/knight/.config/Code/User/unimodal.c: Using EditorConfig core...
/home/knight/.config/Code/User/unimodal.c: Using EditorConfig core...
/home/knight/.config/Code/User/unimodal.c: Using EditorConfig core...
/home/knight/.config/Code/User/unimodal.c: Using EditorConfig core...
/home/knight/.config/Code/User/unimodal.c: Using EditorConfig core...
/home/knight/.config/Code/User/unimodal.c: Using EditorConfig core...
/home/knight/.config/Code/User/unimodal.c: Using EditorConfig core...
/home/knight/.config/Code/User/unimodal.c: Using EditorConfig core...
/home/knight/.config/Code/User/unimodal.c: Using EditorConfig core...
/home/knight/.config/Code/User/unimodal.c: Using EditorConfig core...
/home/knight/.config/Code/User/unimodal.c: Using EditorConfig core...
/home/knight/.config/Code/User/unimodal.c: Using EditorConfig core...
/home/knight/.config/Code/User/unimodal.c: Using EditorConfig core...
/home/knight/.config/Code/User/unimodal.c: Using EditorConfig core...
/home/knight/.config/Code/User/unimodal.c: Using EditorConfig core...
/home/knight/.config/Code/User/unimodal.c: Using EditorConfig core...
/home/knight/.config/Code/User/unimodal.c: Using EditorConfig core...
/home/knight/.config/Code/User/unimodal.c: Using EditorConfig core...
/home/knight/.config/Code/User/unimodal.c: Using EditorConfig core...
/home/knight/.config/Code/User/unimodal.c: Using EditorConfig core...
/home/knight/.config/Code/User/unimodal.c: Using EditorConfig core...
/home/knight/.config/Code/User/unimodal.c: Using EditorConfig core...
/home/knight/.config/Code/User/unimodal.c: Using EditorConfig core...
/home/knight/.config/Code/User/unimodal.c: Using EditorConfig core...
/home/knight/.config/Code/User/unimodal.c: Using EditorConfig core...
/home/knight/.config/Code/User/unimodal.c: Using EditorConfig core...
/home/knight/.config/Code/User/unimodal.c: Using EditorConfig core...
/home/knight/.config/Code/User/unimodal.c: Using EditorConfig core...
/home/knight/.config/Code/User/unimodal.c: Using EditorConfig core...
/home/knight/.config/Code/User/unimodal.c: Using EditorConfig core...
/home/knight/.config/Code/User/unimodal.c: Using EditorConfig core...
/home/knight/.config/Code/User/unimodal.c: Using EditorConfig core...
/home/knight/.config/Code/User/unimodal.c: Using EditorConfig core...
/home/knight/.config/Code/User/unimodal.c: Using EditorConfig core...
/home/knight/.config/Code/User/unimodal.c: Using EditorConfig core...
/home/knight/.config/Code/User/unimodal.c: Using EditorConfig core...
/home/knight/.config/Code/User/unimodal.c: Using EditorConfig core...
/home/knight/.config/Code/User/unimodal.c: Using EditorConfig core...
/home/knight/.config/Code/User/unimodal.c: Using EditorConfig core...
/home/knight/.config/Code/User/unimodal.c: Using EditorConfig core...
/home/knight/.config/Code/User/unimodal.c: Using EditorConfig core...
/home/knight/.config/Code/User/unimodal.c: Using EditorConfig core...
/home/knight/.config/Code/User/unimodal.c: Using EditorConfig core...
/home/knight/.config/Code/User/unimodal.c: Using EditorConfig core...
/home/knight/.config/Code/User/unimodal.c: Using EditorConfig core...
/home/knight/.config/Code/User/unimodal.c: Using EditorConfig core...
/home/knight/.config/Code/User/unimodal.c: Using EditorConfig core...
/home/knight/.config/Code/User/unimodal.c: Using EditorConfig core...
/home/knight/.config/Code/User/unimodal.c: Using EditorConfig core...
/home/knight/.config/Code/User/unimodal.c: Using EditorConfig core...
/home/knight/.config/Code/User/unimodal.c: Using EditorConfig core...
/home/knight/.config/Code/User/unimodal.c: Using EditorConfig core...
/home/knight/.config/Code/User/unimodal.c: Using EditorConfig core...
/home/knight/.config/Code/User/unimodal.c: Using EditorConfig core...
/home/knight/.config/Code/User/unimodal.c: Using EditorConfig core...
/home/knight/.config/Code/User/unimodal.c: Using EditorConfig core...
/home/knight/.config/Code/User/unimodal.c: Using EditorConfig core...
/home/knight/.config/Code/User/unimodal.c: Using EditorConfig core...
/home/knight/.config/Code/User/unimodal.c: Using EditorConfig core...
/home/knight/.config/Code/User/unimodal.c: Using EditorConfig core...
/home/knight/.config/Code/User/unimodal.c: Using EditorConfig core...
/home/knight/.config/Code/User/unimodal.c: Using EditorConfig core...
/home/knight/.config/Code/User/unimodal.c: Using EditorConfig core...
/home/knight/.config/Code/User/unimodal.c: Using EditorConfig core...
/home/knight/.config/Code/User/unimodal.c: Using EditorConfig core...
/home/knight/.config/Code/User/unimodal.c: Using EditorConfig core...
/home/knight/.config/Code/User/unimodal.c: Using EditorConfig core...
/home/knight/.config/Code/User/unimodal.c: Using EditorConfig core...
/home/knight/.config/Code/User/unimodal.c: Using EditorConfig core...
/home/knight/.config/Code/User/unimodal.c: Using EditorConfig core...
/home/knight/.config/Code/User/unimodal.c: Using EditorConfig core...
/home/knight/.config/Code/User/unimodal.c: Using EditorConfig core...
/home/knight/.config/Code/User/unimodal.c: Using EditorConfig core...
/home/knight/.config/Code/User/unimodal.c: Using EditorConfig core...
/home/knight/.config/Code/User/unimodal.c: Using EditorConfig core...
/home/knight/.config/Code/User/unimodal.c: Using EditorConfig core...
/home/knight/.config/Code/User/unimodal.c: Using EditorConfig core...
/home/knight/.config/Code/User/unimodal.c: Using EditorConfig core...
/home/knight/.config/Code/User/unimodal.c: Using EditorConfig core...
/home/knight/.config/Code/User/unimodal.c: Using EditorConfig core...
/home/knight/.config/Code/User/unimodal.c: Using EditorConfig core...
/home/knight/.config/Code/User/unimodal.c: Using EditorConfig core...
/home/knight/.config/Code/User/unimodal.c: Using EditorConfig core...
/home/knight/.config/Code/User/unimodal.c: Using EditorConfig core...
/home/knight/.config/Code/User/unimodal.c: Using EditorConfig core...
/home/knight/.config/Code/User/unimodal.c: Using EditorConfig core...
/home/knight/.config/Code/User/unimodal.c: Using EditorConfig core...
/home/knight/.config/Code/User/unimodal.c: Using EditorConfig core...
/home/knight/.config/Code/User/unimodal.c: Using EditorConfig core...
/home/knight/.config/Code/User/unimodal.c: Using EditorConfig core...
/home/knight/.config/Code/User/unimodal.c: Using EditorConfig core...
/home/knight/.config/Code/User/unimodal.c: Using EditorConfig core...
/home/knight/.config/Code/User/unimodal.c: Using EditorConfig core...
/home/knight/.config/Code/User/unimodal.c: Using EditorConfig core...
/home/knight/.config/Code/User/unimodal.c: Using EditorConfig core...
/home/knight/.config/Code/User/unimodal.c: Using EditorConfig core...
/home/knight/.config/Code/User/unimodal.c: Using EditorConfig core...
/home/knight/.config/Code/User/unimodal.c: Using EditorConfig core...
/home/knight/.config/Code/User/unimodal.c: Using EditorConfig core...
/home/knight/.config/Code/User/unimodal.c: Using EditorConfig core...
/home/knight/.config/Code/User/unimodal.c: Using EditorConfig core...
/home/knight/.config/Code/User/unimodal.c: Using EditorConfig core...
/home/knight/.config/Code/User/unimodal.c: Using EditorConfig core...
/home/knight/.config/Code/User/unimodal.c: Using EditorConfig core...
/home/knight/.config/Code/User/unimodal.c: Using EditorConfig core...
/home/knight/.config/Code/User/unimodal.c: Using EditorConfig core...
/home/knight/.config/Code/User/unimodal.c: Using EditorConfig core...
/home/knight/.config/Code/User/unimodal.c: Using EditorConfig core...
/home/knight/.config/Code/User/unimodal.c: Using EditorConfig core...
/home/knight/.config/Code/User/unimodal.c: Using EditorConfig core...
/home/knight/.config/Code/User/unimodal.c: Using EditorConfig core...
/home/knight/.config/Code/User/unimodal.c: Using EditorConfig core...
/home/knight/.config/Code/User/unimodal.c: Using EditorConfig core...
/home/knight/.config/Code/User/unimodal.c: Using EditorConfig core...
/home/knight/.config/Code/User/unimodal.c: Using EditorConfig core...
/home/knight/.config/Code/User/unimodal.c: Using EditorConfig core...
/home/knight/.config/Code/User/unimodal.c: Using EditorConfig core...
/home/knight/.config/Code/User/unimodal.c: Using EditorConfig core...
/home/knight/.config/Code/User/unimodal.c: Using EditorConfig core...
/home/knight/.config/Code/User/unimodal.c: Using EditorConfig core...
/home/knight/.config/Code/User/unimodal.c: Using EditorConfig core...
/home/knight/.config/Code/User/unimodal.c: Using EditorConfig core...
/home/knight/.config/Code/User/unimodal.c: Using EditorConfig core...
/home/knight/.config/Code/User/unimodal.c: Using EditorConfig core...
PythonScripts/.vscode/tasks.json: {}
Detected change in configuration: {}
PythonScripts/.vscode/tasks.json: Using EditorConfig core...
PythonScripts/.vscode/tasks.json: Using EditorConfig core...
PythonScripts/.vscode/tasks.json: Using EditorConfig core...
Detected change in configuration: {}
PythonScripts/.vscode/tasks.json: Using EditorConfig core...
/home/knight/.config/Code/User/unimodal.c: {}
/home/knight/.config/Code/User/unimodal.c: Using EditorConfig core...
/home/knight/.config/Code/User/unimodal.c: Using EditorConfig core...
/home/knight/.config/Code/User/unimodal.c: Using EditorConfig core...
/home/knight/.config/Code/User/unimodal.c: Using EditorConfig core...
/home/knight/.config/Code/User/unimodal.c: Using EditorConfig core...
/home/knight/.config/Code/User/unimodal.c: Using EditorConfig core...
/home/knight/.config/Code/User/unimodal.c: Using EditorConfig core...
/home/knight/.config/Code/User/unimodal.c: Using EditorConfig core...
/home/knight/.config/Code/User/unimodal.c: Using EditorConfig core...
/home/knight/.config/Code/User/unimodal.c: Using EditorConfig core...
/home/knight/.config/Code/User/unimodal.c: Using EditorConfig core...
/home/knight/.config/Code/User/unimodal.c: Using EditorConfig core...
/home/knight/.config/Code/User/unimodal.c: Using EditorConfig core...
/home/knight/.config/Code/User/unimodal.c: Using EditorConfig core...
/home/knight/.config/Code/User/unimodal.c: Using EditorConfig core...
/home/knight/.config/Code/User/unimodal.c: Using EditorConfig core...
/home/knight/.config/Code/User/unimodal.c: Using EditorConfig core...
/home/knight/.config/Code/User/unimodal.c: Using EditorConfig core...
/home/knight/.config/Code/User/unimodal.c: Using EditorConfig core...
/home/knight/.config/Code/User/unimodal.c: Using EditorConfig core...
/home/knight/.config/Code/User/unimodal.c: Using EditorConfig core...
/home/knight/.config/Code/User/unimodal.c: Using EditorConfig core...
/home/knight/.config/Code/User/unimodal.c: Using EditorConfig core...
/home/knight/.config/Code/User/unimodal.c: Using EditorConfig core...
/home/knight/.config/Code/User/unimodal.c: Using EditorConfig core...
/home/knight/.config/Code/User/unimodal.c: Using EditorConfig core...
/home/knight/.config/Code/User/unimodal.c: Using EditorConfig core...
extension-output-#18: {}
/home/knight/.config/Code/User/unimodal.c: {}
/home/knight/.config/Code/User/unimodal.c: Using EditorConfig core...
/home/knight/.config/Code/User/unimodal.c: Using EditorConfig core...
/home/knight/.config/Code/User/unimodal.c: Using EditorConfig core...
extension-output-#18: {}
/home/knight/.config/Code/User/unimodal.c: {}
/home/knight/.config/Code/User/unimodal.c: Using EditorConfig core...
/home/knight/.config/Code/User/unimodal.c: Using EditorConfig core...
/home/knight/.config/Code/User/unimodal.c: Using EditorConfig core...
/home/knight/.config/Code/User/unimodal.c: Using EditorConfig core...
/home/knight/.config/Code/User/unimodal.c: {}
/home/knight/.config/Code/User/unimodal.c: {}
extension-output-#18: {}
/home/knight/.config/Code/User/unimodal.c: {}
/home/knight/.config/Code/User/unimodal.c: Using EditorConfig core...
/home/knight/.config/Code/User/unimodal.c: Using EditorConfig core...
/home/knight/.config/Code/User/unimodal.c: Using EditorConfig core...
Detected change in configuration: {}
PythonScripts/.vscode/launch.json: {}
PythonScripts/.vscode/launch.json: Using EditorConfig core...
/home/knight/.config/Code/User/unimodal.c: {}
/home/knight/.config/Code/User/unimodal.c: {}
/home/knight/.config/Code/User/unimodal.c: {}
/home/knight/.config/Code/User/unimodal.c: {}
/home/knight/.config/Code/User/unimodal.c: {}
/home/knight/.config/Code/User/unimodal.c: Using EditorConfig core...
/home/knight/.config/Code/User/unimodal.c: Using EditorConfig core...
/home/knight/.config/Code/User/unimodal.c: Using EditorConfig core...
/home/knight/.config/Code/User/unimodal.c: Using EditorConfig core...
/home/knight/.config/Code/User/unimodal.c: Using EditorConfig core...
/home/knight/.config/Code/User/unimodal.c: Using EditorConfig core...
/home/knight/.config/Code/User/unimodal.c: Using EditorConfig core...
/home/knight/.config/Code/User/unimodal.c: Using EditorConfig core...
/home/knight/.config/Code/User/unimodal.c: Using EditorConfig core...
/home/knight/.config/Code/User/unimodal.c: Using EditorConfig core...
/home/knight/.config/Code/User/unimodal.c: Using EditorConfig core...
/home/knight/.config/Code/User/unimodal.c: Using EditorConfig core...
/home/knight/.config/Code/User/unimodal.c: Using EditorConfig core...
/home/knight/.config/Code/User/unimodal.c: Using EditorConfig core...
/home/knight/.config/Code/User/unimodal.c: Using EditorConfig core...
/home/knight/.config/Code/User/unimodal.c: Using EditorConfig core...
/home/knight/.config/Code/User/unimodal.c: Using EditorConfig core...
/home/knight/.config/Code/User/unimodal.c: Using EditorConfig core...
/home/knight/.config/Code/User/unimodal.c: Using EditorConfig core...
/home/knight/.config/Code/User/unimodal.c: Using EditorConfig core...
/home/knight/.config/Code/User/unimodal.c: Using EditorConfig core...
/home/knight/.config/Code/User/unimodal.c: Using EditorConfig core...
/home/knight/.config/Code/User/unimodal.c: Using EditorConfig core...
/home/knight/.config/Code/User/unimodal.c: Using EditorConfig core...
/home/knight/.config/Code/User/unimodal.c: Using EditorConfig core...
/home/knight/.config/Code/User/unimodal.c: Using EditorConfig core...
/home/knight/.config/Code/User/unimodal.c: Using EditorConfig core...
/home/knight/.config/Code/User/unimodal.c: Using EditorConfig core...
/home/knight/.config/Code/User/unimodal.c: Using EditorConfig core...
/home/knight/.config/Code/User/unimodal.c: Using EditorConfig core...
/home/knight/.config/Code/User/unimodal.c: Using EditorConfig core...
/home/knight/.config/Code/User/unimodal.c: Using EditorConfig core...
/home/knight/.config/Code/User/unimodal.c: Using EditorConfig core...
/home/knight/.config/Code/User/unimodal.c: Using EditorConfig core...
/home/knight/.config/Code/User/unimodal.c: Using EditorConfig core...
/home/knight/.config/Code/User/unimodal.c: Using EditorConfig core...
/home/knight/.config/Code/User/unimodal.c: Using EditorConfig core...
/home/knight/.config/Code/User/unimodal.c: Using EditorConfig core...
/home/knight/.config/Code/User/unimodal.c: Using EditorConfig core...
/home/knight/.config/Code/User/unimodal.c: Using EditorConfig core...
/home/knight/.config/Code/User/unimodal.c: Using EditorConfig core...
/home/knight/.config/Code/User/unimodal.c: Using EditorConfig core...
/home/knight/.config/Code/User/unimodal.c: Using EditorConfig core...
/home/knight/.config/Code/User/unimodal.c: Using EditorConfig core...
/home/knight/.config/Code/User/unimodal.c: Using EditorConfig core...
/home/knight/.config/Code/User/unimodal.c: Using EditorConfig core...
/home/knight/.config/Code/User/unimodal.c: Using EditorConfig core...
/home/knight/.config/Code/User/unimodal.c: Using EditorConfig core...
/home/knight/.config/Code/User/unimodal.c: Using EditorConfig core...
/home/knight/.config/Code/User/unimodal.c: Using EditorConfig core...
/home/knight/.config/Code/User/unimodal.c: Using EditorConfig core...
/home/knight/.config/Code/User/unimodal.c: Using EditorConfig core...
/home/knight/.config/Code/User/unimodal.c: Using EditorConfig core...
/home/knight/.config/Code/User/unimodal.c: Using EditorConfig core...
/home/knight/.config/Code/User/unimodal.c: Using EditorConfig core...
/home/knight/.config/Code/User/unimodal.c: Using EditorConfig core...
/home/knight/.config/Code/User/unimodal.c: Using EditorConfig core...
/home/knight/.config/Code/User/unimodal.c: Using EditorConfig core...
/home/knight/.config/Code/User/unimodal.c: Using EditorConfig core...
/home/knight/.config/Code/User/unimodal.c: Using EditorConfig core...
/home/knight/.config/Code/User/unimodal.c: Using EditorConfig core...
/home/knight/.config/Code/User/unimodal.c: Using EditorConfig core...
/home/knight/.config/Code/User/unimodal.c: Using EditorConfig core...
/home/knight/.config/Code/User/unimodal.c: Using EditorConfig core...
/home/knight/.config/Code/User/unimodal.c: Using EditorConfig core...
/home/knight/.config/Code/User/unimodal.c: Using EditorConfig core...
/home/knight/.config/Code/User/unimodal.c: Using EditorConfig core...
/home/knight/.config/Code/User/unimodal.c: Using EditorConfig core...
/home/knight/.config/Code/User/unimodal.c: Using EditorConfig core...
/home/knight/.config/Code/User/unimodal.c: Using EditorConfig core...
/home/knight/.config/Code/User/unimodal.c: Using EditorConfig core...
/home/knight/.config/Code/User/unimodal.c: Using EditorConfig core...
/home/knight/.config/Code/User/unimodal.c: Using EditorConfig core...
/home/knight/.config/Code/User/unimodal.c: Using EditorConfig core...
/home/knight/.config/Code/User/unimodal.c: Using EditorConfig core...
/home/knight/.config/Code/User/unimodal.c: Using EditorConfig core...
/home/knight/.config/Code/User/unimodal.c: Using EditorConfig core...
/home/knight/.config/Code/User/unimodal.c: Using EditorConfig core...
/home/knight/.config/Code/User/unimodal.c: Using EditorConfig core...
/home/knight/.config/Code/User/unimodal.c: Using EditorConfig core...
/home/knight/.config/Code/User/unimodal.c: Using EditorConfig core...
/home/knight/.config/Code/User/unimodal.c: Using EditorConfig core...
/home/knight/.config/Code/User/unimodal.c: Using EditorConfig core...
/home/knight/.config/Code/User/unimodal.c: Using EditorConfig core...
/home/knight/.config/Code/User/unimodal.c: Using EditorConfig core...
/home/knight/.config/Code/User/unimodal.c: Using EditorConfig core...
/home/knight/.config/Code/User/unimodal.c: Using EditorConfig core...
/home/knight/.config/Code/User/unimodal.c: Using EditorConfig core...
/home/knight/.config/Code/User/unimodal.c: Using EditorConfig core...
/home/knight/.config/Code/User/unimodal.c: Using EditorConfig core...
/home/knight/.config/Code/User/unimodal.c: Using EditorConfig core...
/home/knight/.config/Code/User/unimodal.c: Using EditorConfig core...
/home/knight/.config/Code/User/unimodal.c: Using EditorConfig core...
/home/knight/.config/Code/User/unimodal.c: Using EditorConfig core...
/home/knight/.config/Code/User/unimodal.c: Using EditorConfig core...
/home/knight/.config/Code/User/unimodal.c: Using EditorConfig core...
/home/knight/.config/Code/User/unimodal.c: Using EditorConfig core...
/home/knight/.config/Code/User/unimodal.c: Using EditorConfig core...
/home/knight/.config/Code/User/unimodal.c: Using EditorConfig core...
/home/knight/.config/Code/User/unimodal.c: Using EditorConfig core...
/home/knight/.config/Code/User/unimodal.c: Using EditorConfig core...
/home/knight/.config/Code/User/unimodal.c: Using EditorConfig core...
/home/knight/.config/Code/User/unimodal.c: Using EditorConfig core...
/home/knight/.config/Code/User/unimodal.c: Using EditorConfig core...
/home/knight/.config/Code/User/unimodal.c: {}
/home/knight/.config/Code/User/unimodal.c: {}
/home/knight/.config/Code/User/unimodal.c: {}
/home/knight/.config/Code/User/unimodal.c: Using EditorConfig core...
/home/knight/.config/Code/User/unimodal.c: Using EditorConfig core...
/home/knight/.config/Code/User/unimodal.c: Using EditorConfig core...
/home/knight/.config/Code/User/unimodal.c: Using EditorConfig core...
/home/knight/.config/Code/User/unimodal.c: Using EditorConfig core...
/home/knight/.config/Code/User/unimodal.c: Using EditorConfig core...
/home/knight/.config/Code/User/unimodal.c: Using EditorConfig core...
/home/knight/.config/Code/User/unimodal.c: Using EditorConfig core...
/home/knight/.config/Code/User/unimodal.c: Using EditorConfig core...
/home/knight/.config/Code/User/unimodal.c: Using EditorConfig core...
/home/knight/.config/Code/User/unimodal.c: Using EditorConfig core...
/home/knight/.config/Code/User/unimodal.c: Using EditorConfig core...
/home/knight/.config/Code/User/unimodal.c: Using EditorConfig core...
/home/knight/.config/Code/User/unimodal.c: Using EditorConfig core...
/home/knight/.config/Code/User/unimodal.c: Using EditorConfig core...
/home/knight/.config/Code/User/unimodal.c: Using EditorConfig core...
/home/knight/.config/Code/User/unimodal.c: Using EditorConfig core...
/home/knight/.config/Code/User/unimodal.c: Using EditorConfig core...
/home/knight/.config/Code/User/unimodal.c: Using EditorConfig core...
/home/knight/.config/Code/User/unimodal.c: Using EditorConfig core...
/home/knight/.config/Code/User/unimodal.c: Using EditorConfig core...
/home/knight/.config/Code/User/unimodal.c: Using EditorConfig core...
/home/knight/.config/Code/User/unimodal.c: Using EditorConfig core...
/home/knight/.config/Code/User/unimodal.c: Using EditorConfig core...
/home/knight/.config/Code/User/unimodal.c: Using EditorConfig core...
/home/knight/.config/Code/User/unimodal.c: Using EditorConfig core...
/home/knight/.config/Code/User/unimodal.c: Using EditorConfig core...
/home/knight/.config/Code/User/unimodal.c: Using EditorConfig core...
/home/knight/.config/Code/User/unimodal.c: Using EditorConfig core...
/home/knight/.config/Code/User/unimodal.c: Using EditorConfig core...
/home/knight/.config/Code/User/unimodal.c: Using EditorConfig core...
/home/knight/.config/Code/User/unimodal.c: Using EditorConfig core...
/home/knight/.config/Code/User/unimodal.c: Using EditorConfig core...
/home/knight/.config/Code/User/unimodal.c: Using EditorConfig core...
/home/knight/.config/Code/User/unimodal.c: Using EditorConfig core...
/home/knight/.config/Code/User/unimodal.c: Using EditorConfig core...
/home/knight/.config/Code/User/unimodal.c: Using EditorConfig core...
/home/knight/.config/Code/User/unimodal.c: Using EditorConfig core...
/home/knight/.config/Code/User/unimodal.c: Using EditorConfig core...
/home/knight/.config/Code/User/unimodal.c: Using EditorConfig core...
/home/knight/.config/Code/User/unimodal.c: Using EditorConfig core...
/home/knight/.config/Code/User/unimodal.c: Using EditorConfig core...
/home/knight/.config/Code/User/unimodal.c: Using EditorConfig core...
/home/knight/.config/Code/User/unimodal.c: {}
/home/knight/.config/Code/User/unimodal.c: Using EditorConfig core...
/home/knight/.config/Code/User/unimodal.c: Using EditorConfig core...
/home/knight/.config/Code/User/unimodal.c: Using EditorConfig core...
/home/knight/.config/Code/User/unimodal.c: Using EditorConfig core...
/home/knight/.config/Code/User/unimodal.c: Using EditorConfig core...
/home/knight/.config/Code/User/unimodal.c: Using EditorConfig core...
/home/knight/.config/Code/User/unimodal.c: Using EditorConfig core...
/home/knight/.config/Code/User/unimodal.c: Using EditorConfig core...
/home/knight/.config/Code/User/unimodal.c: Using EditorConfig core...
/home/knight/.config/Code/User/unimodal.c: Using EditorConfig core...
/home/knight/.config/Code/User/unimodal.c: Using EditorConfig core...
/home/knight/.config/Code/User/unimodal.c: Using EditorConfig core...
/home/knight/.config/Code/User/unimodal.c: Using EditorConfig core...
/home/knight/.config/Code/User/unimodal.c: Using EditorConfig core...
/home/knight/.config/Code/User/unimodal.c: Using EditorConfig core...
/home/knight/.config/Code/User/unimodal.c: Using EditorConfig core...
/home/knight/.config/Code/User/unimodal.c: Using EditorConfig core...
/home/knight/.config/Code/User/unimodal.c: Using EditorConfig core...
/home/knight/.config/Code/User/unimodal.c: Using EditorConfig core...
/home/knight/.config/Code/User/unimodal.c: Using EditorConfig core...
/home/knight/.config/Code/User/unimodal.c: Using EditorConfig core...
/home/knight/.config/Code/User/unimodal.c: Using EditorConfig core...
/home/knight/.config/Code/User/unimodal.c: Using EditorConfig core...
/home/knight/.config/Code/User/unimodal.c: Using EditorConfig core...
/home/knight/.config/Code/User/unimodal.c: Using EditorConfig core...
/home/knight/.config/Code/User/unimodal.c: Using EditorConfig core...
/home/knight/.config/Code/User/unimodal.c: Using EditorConfig core...
/home/knight/.config/Code/User/unimodal.c: Using EditorConfig core...
/home/knight/.config/Code/User/unimodal.c: Using EditorConfig core...
/home/knight/.config/Code/User/unimodal.c: Using EditorConfig core...
/home/knight/.config/Code/User/unimodal.c: Using EditorConfig core...
/home/knight/.config/Code/User/unimodal.c: Using EditorConfig core...
/home/knight/.config/Code/User/unimodal.c: Using EditorConfig core...
/home/knight/.config/Code/User/unimodal.c: Using EditorConfig core...
/home/knight/.config/Code/User/unimodal.c: Using EditorConfig core...
/home/knight/.config/Code/User/unimodal.c: Using EditorConfig core...
/home/knight/.config/Code/User/unimodal.c: Using EditorConfig core...
/home/knight/.config/Code/User/unimodal.c: Using EditorConfig core...
/home/knight/.config/Code/User/unimodal.c: Using EditorConfig core...
/home/knight/.config/Code/User/unimodal.c: Using EditorConfig core...
/home/knight/.config/Code/User/unimodal.c: Using EditorConfig core...
/home/knight/.config/Code/User/unimodal.c: Using EditorConfig core...
/home/knight/.config/Code/User/unimodal.c: Using EditorConfig core...
/home/knight/.config/Code/User/unimodal.c: Using EditorConfig core...
/home/knight/.config/Code/User/unimodal.c: Using EditorConfig core...
/home/knight/.config/Code/User/unimodal.c: Using EditorConfig core...
/home/knight/.config/Code/User/unimodal.c: Using EditorConfig core...
/home/knight/.config/Code/User/unimodal.c: Using EditorConfig core...
/home/knight/.config/Code/User/unimodal.c: Using EditorConfig core...
/home/knight/.config/Code/User/unimodal.c: Using EditorConfig core...
/home/knight/.config/Code/User/unimodal.c: Using EditorConfig core...
/home/knight/.config/Code/User/unimodal.c: Using EditorConfig core...
/home/knight/.config/Code/User/unimodal.c: Using EditorConfig core...
/home/knight/.config/Code/User/unimodal.c: Using EditorConfig core...
/home/knight/.config/Code/User/unimodal.c: Using EditorConfig core...
/home/knight/.config/Code/User/unimodal.c: Using EditorConfig core...
/home/knight/.config/Code/User/unimodal.c: Using EditorConfig core...
/home/knight/.config/Code/User/unimodal.c: Using EditorConfig core...
/home/knight/.config/Code/User/unimodal.c: Using EditorConfig core...
/home/knight/.config/Code/User/unimodal.c: Using EditorConfig core...
/home/knight/.config/Code/User/unimodal.c: Using EditorConfig core...
/home/knight/.config/Code/User/unimodal.c: Using EditorConfig core...
/home/knight/.config/Code/User/unimodal.c: Using EditorConfig core...
/home/knight/.config/Code/User/unimodal.c: Using EditorConfig core...
/home/knight/.config/Code/User/unimodal.c: Using EditorConfig core...
/home/knight/.config/Code/User/unimodal.c: Using EditorConfig core...
/home/knight/.config/Code/User/unimodal.c: Using EditorConfig core...
/home/knight/.config/Code/User/unimodal.c: Using EditorConfig core...
/home/knight/.config/Code/User/unimodal.c: Using EditorConfig core...
/home/knight/.config/Code/User/unimodal.c: {}
/home/knight/.config/Code/User/unimodal.c: {}
/home/knight/.config/Code/User/unimodal.c: {}
/home/knight/.config/Code/User/unimodal.c: Using EditorConfig core...
/home/knight/.config/Code/User/unimodal.c: Using EditorConfig core...
/home/knight/.config/Code/User/unimodal.c: Using EditorConfig core...
/home/knight/.config/Code/User/unimodal.c: Using EditorConfig core...
/home/knight/.config/Code/User/unimodal.c: Using EditorConfig core...
/home/knight/.config/Code/User/unimodal.c: Using EditorConfig core...
/home/knight/.config/Code/User/unimodal.c: {}
/home/knight/.config/Code/User/unimodal.c: {}
/home/knight/.config/Code/User/unimodal.c: {}
/home/knight/.config/Code/User/unimodal.c: Using EditorConfig core...
/home/knight/.config/Code/User/unimodal.c: Using EditorConfig core...
/home/knight/.config/Code/User/unimodal.c: Using EditorConfig core...
/home/knight/.config/Code/User/unimodal.c: Using EditorConfig core...
/home/knight/.config/Code/User/unimodal.c: {}
/home/knight/.config/Code/User/unimodal.c: {}
/home/knight/.config/Code/User/unimodal.c: {}
/home/knight/.config/Code/User/unimodal.c: Using EditorConfig core...
/home/knight/.config/Code/User/unimodal.c: Using EditorConfig core...
/home/knight/.config/Code/User/unimodal.c: Using EditorConfig core...
/home/knight/.config/Code/User/unimodal.c: {}
/home/knight/.config/Code/User/unimodal.c: {}
/home/knight/.config/Code/User/unimodal.c: {}
/home/knight/.config/Code/User/unimodal.c: Using EditorConfig core...
/home/knight/.config/Code/User/unimodal.c: Using EditorConfig core...
/home/knight/.config/Code/User/unimodal.c: Using EditorConfig core...
/home/knight/.config/Code/User/unimodal.c: Using EditorConfig core...
/home/knight/.config/Code/User/unimodal.c: Using EditorConfig core...
/home/knight/.config/Code/User/unimodal.c: Using EditorConfig core...
/home/knight/.config/Code/User/unimodal.c: Using EditorConfig core...
/home/knight/.config/Code/User/unimodal.c: Using EditorConfig core...
/home/knight/.config/Code/User/unimodal.c: Using EditorConfig core...
/home/knight/.config/Code/User/unimodal.c: {}
/home/knight/.config/Code/User/unimodal.c: {}
/home/knight/.config/Code/User/unimodal.c: {}
/home/knight/.config/Code/User/unimodal.c: {}
/home/knight/.config/Code/User/unimodal.c: Using EditorConfig core...
/home/knight/.config/Code/User/unimodal.c: Using EditorConfig core...
/home/knight/.config/Code/User/unimodal.c: Using EditorConfig core...
/home/knight/.config/Code/User/unimodal.c: {}
/home/knight/.config/Code/User/unimodal.c: {}
/home/knight/.config/Code/User/unimodal.c: {}
/home/knight/.config/Code/User/unimodal.c: {}
/home/knight/.config/Code/User/unimodal.c: Using EditorConfig core...
/home/knight/.config/Code/User/unimodal.c: {}
/home/knight/.config/Code/User/unimodal.c: Using EditorConfig core...
/home/knight/.config/Code/User/unimodal.c: Using EditorConfig core...
/home/knight/.config/Code/User/unimodal.c: Using EditorConfig core...
/home/knight/.config/Code/User/unimodal.c: Using EditorConfig core...
/home/knight/.config/Code/User/unimodal.c: Using EditorConfig core...
/home/knight/.config/Code/User/unimodal.c: Using EditorConfig core...
/home/knight/.config/Code/User/unimodal.c: Using EditorConfig core...
/home/knight/.config/Code/User/unimodal.c: Using EditorConfig core...
/home/knight/.config/Code/User/unimodal.c: Using EditorConfig core...
/home/knight/.config/Code/User/unimodal.c: Using EditorConfig core...
