2019-06-13 19:40:45,097 UTC - INFO - mypyls.python_ls - Starting PythonLanguageServer IO language server
2019-06-13 19:40:45,097 UTC - INFO - mypyls.python_ls - sys.executable = /home/knight/.mypyls/bin/python
2019-06-13 19:40:45,097 UTC - INFO - mypyls.python_ls - sys.version = 3.7.3 (default, Mar 26 2019, 21:43:19) 
[GCC 8.2.1 20181127]
2019-06-13 19:40:45,097 UTC - INFO - mypyls.python_ls - __file__ = /home/knight/.mypyls/lib/python3.7/site-packages/mypyls/python_ls.py
2019-06-13 19:40:45,242 UTC - INFO - mypyls.python_ls - Using non-patched mypy, rich language features not available.
2019-06-13 19:40:45,242 UTC - INFO - mypyls.python_ls - Using Python before 3.8, rich language features not available.
2019-06-13 19:40:45,242 UTC - INFO - mypyls.python_ls - Server capabilities: {'definitionProvider': False, 'hoverProvider': False, 'textDocumentSync': 2}
2019-06-13 19:40:45,547 UTC - INFO - mypyls.config - Updated settings to {'executable': '~/.mypyls/bin/mypyls', 'configFile': '', 'targets': ['.']}
2019-06-13 19:40:45,755 UTC - INFO - mypyls.mypy_server - Got python_executable from pythonPath: /usr/bin/python
2019-06-13 19:40:45,755 UTC - INFO - mypyls.mypy_server - Trying to read mypy config file from default locations
2019-06-13 19:40:45,756 UTC - INFO - mypyls.mypy_server - Mypy configuration not read, using defaults.
2019-06-13 19:40:45,756 UTC - INFO - mypyls.mypy_server - python_executable after applying config: /usr/bin/python
2019-06-13 19:40:45,757 UTC - INFO - mypyls.mypy_server - Checking mypy...
2019-06-13 19:40:45,757 UTC - INFO - mypyls.mypy_server - Targets: ['/home/knight/Documents/PythonScripts/.']
2019-06-13 19:40:45,971 UTC - INFO - mypyls.mypy_server - mypy done, exit code 2
2019-06-13 19:40:45,971 UTC - INFO - mypyls.mypy_server - mypy stdout:
corpus.py:91:5: error: invalid syntax

2019-06-13 19:41:32,272 UTC - INFO - mypyls.mypy_server - Checking mypy...
2019-06-13 19:41:32,272 UTC - INFO - mypyls.mypy_server - Targets: ['/home/knight/Documents/PythonScripts/.']
2019-06-13 19:41:32,275 UTC - INFO - mypyls.mypy_server - mypy done, exit code 2
2019-06-13 19:41:32,275 UTC - INFO - mypyls.mypy_server - mypy stdout:
corpus.py:91:5: error: invalid syntax

2019-06-13 19:42:24,931 UTC - INFO - mypyls.mypy_server - Checking mypy...
2019-06-13 19:42:24,932 UTC - INFO - mypyls.mypy_server - Targets: ['/home/knight/Documents/PythonScripts/.']
2019-06-13 19:42:24,934 UTC - INFO - mypyls.mypy_server - mypy done, exit code 2
2019-06-13 19:42:24,935 UTC - INFO - mypyls.mypy_server - mypy stdout:
corpus.py:91:5: error: invalid syntax

2019-06-13 19:42:27,205 UTC - INFO - mypyls.mypy_server - Checking mypy...
2019-06-13 19:42:27,205 UTC - INFO - mypyls.mypy_server - Targets: ['/home/knight/Documents/PythonScripts/.']
2019-06-13 19:42:27,211 UTC - INFO - mypyls.mypy_server - mypy done, exit code 2
2019-06-13 19:42:27,211 UTC - INFO - mypyls.mypy_server - mypy stdout:
corpus.py:91:5: error: invalid syntax

2019-06-13 19:42:55,011 UTC - INFO - mypyls.mypy_server - Checking mypy...
2019-06-13 19:42:55,012 UTC - INFO - mypyls.mypy_server - Targets: ['/home/knight/Documents/PythonScripts/.']
2019-06-13 19:42:55,015 UTC - INFO - mypyls.mypy_server - mypy done, exit code 2
2019-06-13 19:42:55,015 UTC - INFO - mypyls.mypy_server - mypy stdout:
corpus.py:91:5: error: invalid syntax

2019-06-13 19:44:52,429 UTC - INFO - mypyls.mypy_server - Checking mypy...
2019-06-13 19:44:52,429 UTC - INFO - mypyls.mypy_server - Targets: ['/home/knight/Documents/PythonScripts/.']
2019-06-13 19:44:52,433 UTC - INFO - mypyls.mypy_server - mypy done, exit code 2
2019-06-13 19:44:52,433 UTC - INFO - mypyls.mypy_server - mypy stdout:
corpus.py:91:5: error: invalid syntax

2019-06-13 19:45:39,134 UTC - INFO - mypyls.mypy_server - Checking mypy...
2019-06-13 19:45:39,134 UTC - INFO - mypyls.mypy_server - Targets: ['/home/knight/Documents/PythonScripts/.']
2019-06-13 19:45:39,136 UTC - INFO - mypyls.mypy_server - mypy done, exit code 2
2019-06-13 19:45:39,136 UTC - INFO - mypyls.mypy_server - mypy stdout:
corpus.py:91:5: error: invalid syntax

2019-06-13 19:45:59,293 UTC - INFO - mypyls.mypy_server - Checking mypy...
2019-06-13 19:45:59,294 UTC - INFO - mypyls.mypy_server - Targets: ['/home/knight/Documents/PythonScripts/.']
2019-06-13 19:45:59,297 UTC - INFO - mypyls.mypy_server - mypy done, exit code 2
2019-06-13 19:45:59,298 UTC - INFO - mypyls.mypy_server - mypy stdout:
corpus.py:91:5: error: invalid syntax

2019-06-13 19:47:44,056 UTC - INFO - mypyls.mypy_server - Checking mypy...
2019-06-13 19:47:44,057 UTC - INFO - mypyls.mypy_server - Targets: ['/home/knight/Documents/PythonScripts/.']
2019-06-13 19:47:44,060 UTC - INFO - mypyls.mypy_server - mypy done, exit code 2
2019-06-13 19:47:44,060 UTC - INFO - mypyls.mypy_server - mypy stdout:
corpus.py:91:5: error: invalid syntax

2019-06-13 19:47:51,188 UTC - INFO - mypyls.mypy_server - Checking mypy...
2019-06-13 19:47:51,189 UTC - INFO - mypyls.mypy_server - Targets: ['/home/knight/Documents/PythonScripts/.']
2019-06-13 19:47:51,192 UTC - INFO - mypyls.mypy_server - mypy done, exit code 2
2019-06-13 19:47:51,192 UTC - INFO - mypyls.mypy_server - mypy stdout:
corpus.py:91:5: error: invalid syntax

2019-06-13 19:47:53,914 UTC - INFO - mypyls.mypy_server - Checking mypy...
2019-06-13 19:47:53,914 UTC - INFO - mypyls.mypy_server - Targets: ['/home/knight/Documents/PythonScripts/.']
2019-06-13 19:47:53,917 UTC - INFO - mypyls.mypy_server - mypy done, exit code 2
2019-06-13 19:47:53,918 UTC - INFO - mypyls.mypy_server - mypy stdout:
corpus.py:91:5: error: invalid syntax

2019-06-13 19:50:35,732 UTC - INFO - mypyls.mypy_server - Checking mypy...
2019-06-13 19:50:35,733 UTC - INFO - mypyls.mypy_server - Targets: ['/home/knight/Documents/PythonScripts/.']
2019-06-13 19:50:35,736 UTC - INFO - mypyls.mypy_server - mypy done, exit code 2
2019-06-13 19:50:35,736 UTC - INFO - mypyls.mypy_server - mypy stdout:
corpus.py:91:5: error: invalid syntax

2019-06-13 19:53:42,534 UTC - INFO - mypyls.mypy_server - Checking mypy...
2019-06-13 19:53:42,534 UTC - INFO - mypyls.mypy_server - Targets: ['/home/knight/Documents/PythonScripts/.']
2019-06-13 19:53:42,537 UTC - INFO - mypyls.mypy_server - mypy done, exit code 2
2019-06-13 19:53:42,538 UTC - INFO - mypyls.mypy_server - mypy stdout:
corpus.py:91:5: error: invalid syntax

2019-06-13 19:53:49,545 UTC - INFO - mypyls.mypy_server - Checking mypy...
2019-06-13 19:53:49,546 UTC - INFO - mypyls.mypy_server - Targets: ['/home/knight/Documents/PythonScripts/.']
2019-06-13 19:53:49,550 UTC - INFO - mypyls.mypy_server - mypy done, exit code 2
2019-06-13 19:53:49,550 UTC - INFO - mypyls.mypy_server - mypy stdout:
corpus.py:91:5: error: invalid syntax

