Looking for git in: git
Using git 2.21.0 from git
> git rev-parse --show-toplevel
> git config --get commit.template
Open repository: /home/knight
> git status -z -u
> git show :Documents/Nlp/test.r
> git ls-files --stage -- Documents/Nlp/
> git show :Documents/Nlp/igraph.r
> git ls-files --stage -- Documents/Nlp/
> git symbolic-ref --short HEAD
> git rev-parse master
> git rev-parse --symbolic-full-name master@{u}
> git rev-list --left-right master...refs/remotes/origin/master
> git for-each-ref --format %(refname) %(objectname) --sort -committerdate
> git remote --verbose
> git show :Documents/Nlp/correlations.r
> git ls-files --stage -- Documents/Nlp/
> git show :Documents/Nlp/igraph.r
> git ls-files --stage -- Documents/Nlp/
> git show :Documents/Nlp/correlations.r
> git ls-files --stage -- Documents/Nlp/
