Initializing document watcher...
Detected change in configuration: {}
Nlp/igraph.r: {}
Nlp/igraph.r: Using EditorConfig core...
Nlp/igraph.r: {}
Nlp/igraph.r: {}
Nlp/igraph.r: {}
Nlp/igraph.r: {}
Nlp/igraph.r: {}
Nlp/igraph.r: {}
Nlp/igraph.r: {}
Nlp/igraph.r: Using EditorConfig core...
Nlp/igraph.r: {}
Nlp/igraph.r: {}
Nlp/igraph.r: {}
Nlp/igraph.r: {}
Nlp/igraph.r: {}
Nlp/igraph.r: Using EditorConfig core...
Nlp/igraph.r: Using EditorConfig core...
Nlp/igraph.r: {}
Nlp/igraph.r: {}
Nlp/igraph.r: {}
Nlp/igraph.r: Using EditorConfig core...
Nlp/igraph.r: Using EditorConfig core...
Nlp/igraph.r: Using EditorConfig core...
Nlp/igraph.r: Using EditorConfig core...
Nlp/igraph.r: Using EditorConfig core...
Nlp/igraph.r: Using EditorConfig core...
Nlp/igraph.r: Using EditorConfig core...
Nlp/igraph.r: Using EditorConfig core...
Nlp/igraph.r: Using EditorConfig core...
Nlp/igraph.r: Using EditorConfig core...
Nlp/igraph.r: {}
Nlp/igraph.r: {}
Nlp/igraph.r: {}
Nlp/igraph.r: {}
Nlp/igraph.r: {}
Nlp/igraph.r: {}
Nlp/igraph.r: {}
Nlp/igraph.r: {}
Nlp/igraph.r: {}
Nlp/igraph.r: {}
Nlp/igraph.r: Using EditorConfig core...
Nlp/igraph.r: Using EditorConfig core...
Nlp/igraph.r: Using EditorConfig core...
Nlp/igraph.r: {}
Nlp/igraph.r: Using EditorConfig core...
Nlp/igraph.r: {}
Nlp/igraph.r: Using EditorConfig core...
Nlp/igraph.r: {}
Nlp/igraph.r: {}
Nlp/igraph.r: {}
Nlp/igraph.r: {}
Nlp/igraph.r: {}
Nlp/igraph.r: {}
Nlp/igraph.r: {}
Nlp/igraph.r: {}
Nlp/igraph.r: {}
Nlp/igraph.r: {}
Nlp/igraph.r: {}
Nlp/igraph.r: {}
Nlp/igraph.r: {}
Nlp/igraph.r: {}
Nlp/igraph.r: {}
Nlp/igraph.r: {}
Nlp/igraph.r: {}
Nlp/igraph.r: {}
Nlp/igraph.r: {}
Nlp/igraph.r: {}
Nlp/igraph.r: {}
Nlp/igraph.r: Using EditorConfig core...
Nlp/igraph.r: Using EditorConfig core...
Nlp/igraph.r: {}
Nlp/igraph.r: Using EditorConfig core...
Nlp/igraph.r: Using EditorConfig core...
Nlp/igraph.r: {}
Nlp/igraph.r: {}
Nlp/igraph.r: Using EditorConfig core...
Nlp/igraph.r: Using EditorConfig core...
Nlp/igraph.r: Using EditorConfig core...
Nlp/igraph.r: Using EditorConfig core...
Nlp/igraph.r: Using EditorConfig core...
Nlp/igraph.r: Using EditorConfig core...
Nlp/igraph.r: Using EditorConfig core...
Nlp/igraph.r: Using EditorConfig core...
Nlp/igraph.r: {}
Nlp/igraph.r: Using EditorConfig core...
Nlp/igraph.r: {}
Nlp/igraph.r: {}
Nlp/igraph.r: {}
Nlp/igraph.r: {}
Nlp/igraph.r: Using EditorConfig core...
Nlp/igraph.r: Using EditorConfig core...
Nlp/igraph.r: {}
Nlp/igraph.r: {}
Nlp/igraph.r: {}
Nlp/igraph.r: {}
Nlp/igraph.r: Using EditorConfig core...
Nlp/igraph.r: Using EditorConfig core...
Nlp/igraph.r: Using EditorConfig core...
Nlp/igraph.r: {}
Nlp/igraph.r: Using EditorConfig core...
Nlp/igraph.r: Using EditorConfig core...
Nlp/igraph.r: Using EditorConfig core...
Nlp/igraph.r: Using EditorConfig core...
Nlp/igraph.r: Using EditorConfig core...
Nlp/igraph.r: {}
Nlp/igraph.r: Using EditorConfig core...
Nlp/igraph.r: Using EditorConfig core...
Nlp/igraph.r: Using EditorConfig core...
Nlp/igraph.r: Using EditorConfig core...
Nlp/igraph.r: {}
Nlp/igraph.r: Using EditorConfig core...
Untitled-1.txt: {}
Untitled-1.txt: {}
Untitled-1.txt: {}
Untitled-1.txt: {}
Nlp/correlations.r: Using EditorConfig core...
Nlp/correlations.r: {}
Nlp/correlations.r: Using EditorConfig core...
Nlp/igraph.r: {}
Nlp/correlations.r: {}
Nlp/correlations.r: Using EditorConfig core...
Nlp/correlations.r: Using EditorConfig core...
Nlp/correlations.r: Using EditorConfig core...
Nlp/correlations.r: {}
Nlp/correlations.r: {}
Nlp/correlations.r: Using EditorConfig core...
Nlp/correlations.r: {}
Nlp/correlations.r: Using EditorConfig core...
Nlp/correlations.r: {}
Nlp/correlations.r: Using EditorConfig core...
Nlp/correlations.r: Using EditorConfig core...
Nlp/correlations.r: Using EditorConfig core...
Nlp/correlations.r: Using EditorConfig core...
Nlp/correlations.r: {}
Nlp/correlations.r: Using EditorConfig core...
Nlp/correlations.r: Using EditorConfig core...
Nlp/correlations.r: Using EditorConfig core...
Nlp/correlations.r: Using EditorConfig core...
Nlp/correlations.r: Using EditorConfig core...
Nlp/correlations.r: Using EditorConfig core...
Nlp/correlations.r: Using EditorConfig core...
Nlp/correlations.r: Using EditorConfig core...
Nlp/correlations.r: Using EditorConfig core...
Nlp/correlations.r: Using EditorConfig core...
Nlp/correlations.r: Using EditorConfig core...
Nlp/correlations.r: Using EditorConfig core...
Nlp/correlations.r: Using EditorConfig core...
Nlp/correlations.r: Using EditorConfig core...
Nlp/correlations.r: {}
Nlp/correlations.r: {}
Nlp/correlations.r: Using EditorConfig core...
Nlp/correlations.r: Using EditorConfig core...
Nlp/correlations.r: Using EditorConfig core...
Nlp/correlations.r: {}
Nlp/correlations.r: Using EditorConfig core...
Nlp/correlations.r: Using EditorConfig core...
Nlp/correlations.r: {}
