Initializing document watcher...
Detected change in configuration: {}
/home/knight/.config/Code/User/settings.json: Using EditorConfig core...
Nlp/test.r: {}
Nlp/corenlp.r: {}
Nlp/corenlp.r: Using EditorConfig core...
Nlp/corenlp.r: Using EditorConfig core...
Untitled-1.txt: {}
Untitled-1.txt: {}
Untitled-1.txt: {}
Untitled-1.txt: {}
Nlp/wordcloud.r: Using EditorConfig core...
Nlp/wordcloud.r: {}
Nlp/wordcloud.r: Using EditorConfig core...
Nlp/wordcloud.r: Using EditorConfig core...
Nlp/wordcloud.r: {}
Nlp/wordcloud.r: Using EditorConfig core...
Nlp/wordcloud.r: Using EditorConfig core...
Nlp/wordcloud.r: Using EditorConfig core...
Nlp/wordcloud.r: Using EditorConfig core...
Nlp/wordcloud.r: Using EditorConfig core...
Nlp/wordcloud.r: {}
Nlp/wordcloud.r: {}
Nlp/wordcloud.r: Using EditorConfig core...
Nlp/wordcloud.r: Using EditorConfig core...
Nlp/wordcloud.r: {}
Nlp/wordcloud.r: {}
Nlp/wordcloud.r: {}
Nlp/ggplot2.r: Using EditorConfig core...
Nlp/ggplot2.r: {}
Nlp/ggplot2.r: Using EditorConfig core...
Nlp/ggplot2.r: Using EditorConfig core...
Nlp/ggplot2.r: Using EditorConfig core...
Nlp/ggplot2.r: Using EditorConfig core...
Nlp/ggplot2.r: Using EditorConfig core...
Nlp/ggplot2.r: Using EditorConfig core...
Nlp/ggplot2.r: Using EditorConfig core...
Nlp/ggplot2.r: Using EditorConfig core...
Nlp/ggplot2.r: Using EditorConfig core...
Nlp/ggplot2.r: Using EditorConfig core...
Nlp/ggplot2.r: Using EditorConfig core...
Nlp/ggplot2.r: Using EditorConfig core...
Nlp/ggplot2.r: Using EditorConfig core...
Nlp/ggplot2.r: Using EditorConfig core...
Nlp/ggplot2.r: Using EditorConfig core...
Nlp/ggplot2.r: Using EditorConfig core...
Nlp/ggplot2.r: {}
Nlp/ggplot2.r: Using EditorConfig core...
Nlp/ggplot2.r: {}
Nlp/ggplot2.r: {}
Nlp/ggplot2.r: Using EditorConfig core...
Nlp/ggplot2.r: {}
Nlp/ggplot2.r: {}
Nlp/ggplot2.r: {}
Nlp/ggplot2.r: {}
Nlp/ggplot2.r: Using EditorConfig core...
Nlp/ggplot2.r: {}
Nlp/ggplot2.r: {}
Nlp/ggplot2.r: {}
Nlp/ggplot2.r: {}
Nlp/ggplot2.r: {}
Nlp/ggplot2.r: Using EditorConfig core...
Nlp/ggplot2.r: Using EditorConfig core...
Nlp/ggplot2.r: {}
Nlp/ggplot2.r: Using EditorConfig core...
Nlp/ggplot2.r: Using EditorConfig core...
Nlp/ggplot2.r: Using EditorConfig core...
Nlp/ggplot2.r: Using EditorConfig core...
Nlp/ggplot2.r: Using EditorConfig core...
Nlp/ggplot2.r: {}
Nlp/ggplot2.r: {}
Nlp/ggplot2.r: {}
Nlp/ggplot2.r: {}
Nlp/ggplot2.r: {}
Nlp/ggplot2.r: Using EditorConfig core...
Nlp/ggplot2.r: {}
Nlp/ggplot2.r: Using EditorConfig core...
Nlp/ggplot2.r: Using EditorConfig core...
Nlp/ggplot2.r: Using EditorConfig core...
Nlp/ggplot2.r: Using EditorConfig core...
Nlp/ggplot2.r: {}
Nlp/ggplot2.r: {}
Nlp/ggplot2.r: {}
Nlp/ggplot2.r: {}
Nlp/ggplot2.r: {}
Nlp/ggplot2.r: Using EditorConfig core...
Nlp/ggplot2.r: Using EditorConfig core...
Nlp/ggplot2.r: {}
Nlp/ggplot2.r: Using EditorConfig core...
Nlp/ggplot2.r: Using EditorConfig core...
Nlp/ggplot2.r: Using EditorConfig core...
Nlp/ggplot2.r: Using EditorConfig core...
Nlp/ggplot2.r: {}
Nlp/ggplot2.r: Using EditorConfig core...
Nlp/ggplot2.r: Using EditorConfig core...
Nlp/ggplot2.r: Using EditorConfig core...
Nlp/ggplot2.r: Using EditorConfig core...
Nlp/ggplot2.r: Using EditorConfig core...
Nlp/ggplot2.r: Using EditorConfig core...
Nlp/ggplot2.r: Using EditorConfig core...
Nlp/ggplot2.r: Using EditorConfig core...
Nlp/ggplot2.r: Using EditorConfig core...
Nlp/ggplot2.r: Using EditorConfig core...
Nlp/ggplot2.r: Using EditorConfig core...
Nlp/ggplot2.r: Using EditorConfig core...
Nlp/ggplot2.r: Using EditorConfig core...
Nlp/ggplot2.r: {}
Nlp/ggplot2.r: Using EditorConfig core...
Nlp/ggplot2.r: {}
Nlp/ggplot2.r: Using EditorConfig core...
Nlp/ggplot2.r: Using EditorConfig core...
Nlp/ggplot2.r: {}
Nlp/ggplot2.r: Using EditorConfig core...
Nlp/ggplot2.r: Using EditorConfig core...
Nlp/ggplot2.r: Using EditorConfig core...
Nlp/ggplot2.r: Using EditorConfig core...
Nlp/ggplot2.r: Using EditorConfig core...
Nlp/ggplot2.r: Using EditorConfig core...
Nlp/ggplot2.r: Using EditorConfig core...
Nlp/ggplot2.r: Using EditorConfig core...
Nlp/ggplot2.r: Using EditorConfig core...
Nlp/ggplot2.r: {}
Nlp/ggplot2.r: Using EditorConfig core...
Nlp/ggplot2.r: Using EditorConfig core...
Nlp/ggplot2.r: Using EditorConfig core...
Nlp/ggplot2.r: Using EditorConfig core...
Nlp/ggplot2.r: Using EditorConfig core...
Nlp/ggplot2.r: {}
Nlp/ggplot2.r: Using EditorConfig core...
Nlp/ggplot2.r: Using EditorConfig core...
Nlp/ggplot2.r: {}
Nlp/ggplot2.r: Using EditorConfig core...
Nlp/ggplot2.r: Using EditorConfig core...
Nlp/ggplot2.r: Using EditorConfig core...
Nlp/ggplot2.r: Using EditorConfig core...
Nlp/ggplot2.r: {}
Nlp/ggplot2.r: Using EditorConfig core...
Nlp/ggplot2.r: Using EditorConfig core...
Nlp/ggplot2.r: {}
Nlp/ggplot2.r: Using EditorConfig core...
Nlp/ggplot2.r: Using EditorConfig core...
Nlp/ggplot2.r: {}
Nlp/ggplot2.r: Using EditorConfig core...
Nlp/ggplot2.r: Using EditorConfig core...
Nlp/ggplot2.r: {}
Nlp/ggplot2.r: Using EditorConfig core...
Nlp/ggplot2.r: Using EditorConfig core...
Nlp/ggplot2.r: Using EditorConfig core...
Nlp/ggplot2.r: Using EditorConfig core...
Nlp/ggplot2.r: Using EditorConfig core...
Nlp/ggplot2.r: Using EditorConfig core...
Nlp/ggplot2.r: Using EditorConfig core...
Nlp/ggplot2.r: {}
Nlp/ggplot2.r: Using EditorConfig core...
Nlp/ggplot2.r: Using EditorConfig core...
Nlp/ggplot2.r: Using EditorConfig core...
Nlp/ggplot2.r: Using EditorConfig core...
Nlp/ggplot2.r: Using EditorConfig core...
Nlp/ggplot2.r: Using EditorConfig core...
Nlp/ggplot2.r: Using EditorConfig core...
Nlp/ggplot2.r: Using EditorConfig core...
Nlp/ggplot2.r: Using EditorConfig core...
Nlp/ggplot2.r: Using EditorConfig core...
Nlp/ggplot2.r: {}
Nlp/ggplot2.r: Using EditorConfig core...
Nlp/ggplot2.r: Using EditorConfig core...
Nlp/ggplot2.r: Using EditorConfig core...
Nlp/ggplot2.r: {}
Nlp/ggplot2.r: Using EditorConfig core...
Nlp/ggplot2.r: {}
Nlp/ggplot2.r: {}
Nlp/ggplot2.r: {}
Nlp/ggplot2.r: {}
Nlp/ggplot2.r: Using EditorConfig core...
Nlp/ggplot2.r: Using EditorConfig core...
Nlp/ggplot2.r: Using EditorConfig core...
Nlp/ggplot2.r: Using EditorConfig core...
Nlp/ggplot2.r: Using EditorConfig core...
Nlp/ggplot2.r: Using EditorConfig core...
Nlp/ggplot2.r: Using EditorConfig core...
Nlp/ggplot2.r: Using EditorConfig core...
Nlp/ggplot2.r: Using EditorConfig core...
Nlp/ggplot2.r: Using EditorConfig core...
Nlp/ggplot2.r: Using EditorConfig core...
Nlp/ggplot2.r: {}
Nlp/ggplot2.r: {}
Nlp/ggplot2.r: {}
Nlp/ggplot2.r: {}
Nlp/ggplot2.r: {}
Nlp/ggplot2.r: Using EditorConfig core...
Nlp/ggplot2.r: Using EditorConfig core...
Nlp/ggplot2.r: Using EditorConfig core...
Nlp/ggplot2.r: Using EditorConfig core...
Nlp/ggplot2.r: Using EditorConfig core...
Nlp/ggplot2.r: Using EditorConfig core...
Nlp/ggplot2.r: Using EditorConfig core...
Nlp/ggplot2.r: Using EditorConfig core...
Nlp/ggplot2.r: {}
Nlp/ggplot2.r: Using EditorConfig core...
Nlp/ggplot2.r: Using EditorConfig core...
Nlp/ggplot2.r: Using EditorConfig core...
Nlp/ggplot2.r: Using EditorConfig core...
Nlp/ggplot2.r: {}
Nlp/ggplot2.r: Using EditorConfig core...
Nlp/ggplot2.r: Using EditorConfig core...
Nlp/ggplot2.r: Using EditorConfig core...
Nlp/ggplot2.r: {}
Nlp/ggplot2.r: {}
Nlp/ggplot2.r: {}
Nlp/ggplot2.r: {}
Nlp/ggplot2.r: {}
Nlp/ggplot2.r: Using EditorConfig core...
Nlp/ggplot2.r: {}
Nlp/ggplot2.r: Using EditorConfig core...
Nlp/ggplot2.r: Using EditorConfig core...
Nlp/ggplot2.r: Using EditorConfig core...
Nlp/ggplot2.r: Using EditorConfig core...
Nlp/ggplot2.r: Using EditorConfig core...
Nlp/ggplot2.r: Using EditorConfig core...
Nlp/ggplot2.r: Using EditorConfig core...
Nlp/ggplot2.r: {}
Nlp/ggplot2.r: Using EditorConfig core...
Nlp/ggplot2.r: Using EditorConfig core...
Nlp/ggplot2.r: Using EditorConfig core...
Nlp/ggplot2.r: {}
Nlp/ggplot2.r: Using EditorConfig core...
Nlp/ggplot2.r: Using EditorConfig core...
Nlp/ggplot2.r: Using EditorConfig core...
Nlp/ggplot2.r: Using EditorConfig core...
Nlp/ggplot2.r: Using EditorConfig core...
Nlp/ggplot2.r: Using EditorConfig core...
Nlp/ggplot2.r: Using EditorConfig core...
Nlp/ggplot2.r: Using EditorConfig core...
Nlp/ggplot2.r: Using EditorConfig core...
Nlp/ggplot2.r: Using EditorConfig core...
Nlp/ggplot2.r: Using EditorConfig core...
Nlp/ggplot2.r: Using EditorConfig core...
Nlp/ggplot2.r: Using EditorConfig core...
Nlp/ggplot2.r: Using EditorConfig core...
Nlp/ggplot2.r: Using EditorConfig core...
Nlp/ggplot2.r: Using EditorConfig core...
Nlp/ggplot2.r: {}
Nlp/ggplot2.r: Using EditorConfig core...
Nlp/ggplot2.r: Using EditorConfig core...
Nlp/ggplot2.r: Using EditorConfig core...
Untitled-1.txt: {}
Untitled-1.txt: {}
Untitled-1.txt: {}
Untitled-1.txt: {}
Nlp/igraph.r: Using EditorConfig core...
Nlp/igraph.r: {}
Nlp/igraph.r: Using EditorConfig core...
Nlp/igraph.r: Using EditorConfig core...
Nlp/igraph.r: {}
Nlp/igraph.r: {}
Nlp/igraph.r: {}
