Initializing document watcher...
Detected change in configuration: {}
Nlp/sntiment.r: {}
Nlp/sntiment.r: {}
Nlp/sntiment.r: {}
Nlp/sntiment.r: {}
Nlp/correlations.r: {}
Nlp/correlations.r: {}
Nlp/correlations.r: {}
Nlp/correlations.r: {}
Nlp/correlations.r: Using EditorConfig core...
Nlp/correlations.r: {}
Nlp/correlations.r: {}
Nlp/correlations.r: Using EditorConfig core...
Nlp/correlations.r: Using EditorConfig core...
Nlp/correlations.r: Using EditorConfig core...
Nlp/correlations.r: {}
Nlp/correlations.r: {}
Nlp/correlations.r: {}
Nlp/correlations.r: {}
Untitled-1.txt: {}
Untitled-1.txt: {}
Untitled-1.txt: {}
Untitled-1.txt: {}
Nlp/conversion.r: Using EditorConfig core...
Nlp/conversion.r: {}
Nlp/conversion.r: Using EditorConfig core...
Nlp/conversion.r: Using EditorConfig core...
Nlp/conversion.r: Using EditorConfig core...
Nlp/conversion.r: {}
Nlp/conversion.r: {}
Nlp/conversion.r: {}
Nlp/conversion.r: Using EditorConfig core...
Nlp/conversion.r: Using EditorConfig core...
Nlp/conversion.r: {}
Nlp/conversion.r: {}
Nlp/conversion.r: {}
Nlp/conversion.r: {}
Nlp/conversion.r: Using EditorConfig core...
Nlp/conversion.r: Using EditorConfig core...
Nlp/conversion.r: Using EditorConfig core...
Nlp/conversion.r: Using EditorConfig core...
Nlp/conversion.r: Using EditorConfig core...
Nlp/conversion.r: Using EditorConfig core...
Nlp/conversion.r: {}
Nlp/conversion.r: Using EditorConfig core...
Nlp/conversion.r: {}
Nlp/conversion.r: {}
Nlp/conversion.r: Using EditorConfig core...
Nlp/conversion.r: {}
Nlp/conversion.r: Using EditorConfig core...
Nlp/conversion.r: {}
Nlp/conversion.r: Using EditorConfig core...
Nlp/conversion.r: Using EditorConfig core...
Nlp/conversion.r: Using EditorConfig core...
Nlp/conversion.r: {}
Nlp/conversion.r: Using EditorConfig core...
Nlp/conversion.r: Using EditorConfig core...
Nlp/conversion.r: Using EditorConfig core...
Nlp/conversion.r: Using EditorConfig core...
Nlp/conversion.r: Using EditorConfig core...
Nlp/conversion.r: Using EditorConfig core...
Nlp/conversion.r: Using EditorConfig core...
Nlp/conversion.r: Using EditorConfig core...
Nlp/conversion.r: Using EditorConfig core...
Nlp/conversion.r: Using EditorConfig core...
Nlp/conversion.r: {}
Nlp/conversion.r: Using EditorConfig core...
Nlp/conversion.r: Using EditorConfig core...
Nlp/conversion.r: Using EditorConfig core...
Nlp/conversion.r: Using EditorConfig core...
Nlp/conversion.r: Using EditorConfig core...
Nlp/conversion.r: Using EditorConfig core...
Nlp/conversion.r: Using EditorConfig core...
Nlp/conversion.r: Using EditorConfig core...
Nlp/conversion.r: Using EditorConfig core...
Nlp/conversion.r: Using EditorConfig core...
Nlp/conversion.r: Using EditorConfig core...
Nlp/conversion.r: Using EditorConfig core...
Nlp/conversion.r: Using EditorConfig core...
Nlp/conversion.r: Using EditorConfig core...
Nlp/conversion.r: Using EditorConfig core...
Nlp/conversion.r: Using EditorConfig core...
Nlp/conversion.r: Using EditorConfig core...
Nlp/conversion.r: Using EditorConfig core...
Nlp/conversion.r: Using EditorConfig core...
Nlp/conversion.r: Using EditorConfig core...
Nlp/conversion.r: {}
Nlp/conversion.r: {}
Nlp/conversion.r: {}
Nlp/conversion.r: {}
Nlp/conversion.r: Using EditorConfig core...
Nlp/conversion.r: Using EditorConfig core...
Nlp/conversion.r: Using EditorConfig core...
Nlp/conversion.r: Using EditorConfig core...
Nlp/conversion.r: Using EditorConfig core...
Nlp/conversion.r: Using EditorConfig core...
Nlp/conversion.r: Using EditorConfig core...
Nlp/conversion.r: Using EditorConfig core...
Nlp/conversion.r: {}
Nlp/conversion.r: {}
Nlp/conversion.r: {}
Nlp/conversion.r: Using EditorConfig core...
Nlp/conversion.r: Using EditorConfig core...
Nlp/conversion.r: Using EditorConfig core...
Nlp/conversion.r: Using EditorConfig core...
Nlp/conversion.r: Using EditorConfig core...
Nlp/conversion.r: Using EditorConfig core...
Nlp/conversion.r: Using EditorConfig core...
Nlp/conversion.r: Using EditorConfig core...
Nlp/conversion.r: Using EditorConfig core...
Nlp/conversion.r: Using EditorConfig core...
Nlp/conversion.r: Using EditorConfig core...
Nlp/conversion.r: Using EditorConfig core...
Nlp/conversion.r: Using EditorConfig core...
Nlp/conversion.r: Using EditorConfig core...
Nlp/conversion.r: Using EditorConfig core...
Nlp/conversion.r: Using EditorConfig core...
Nlp/conversion.r: Using EditorConfig core...
Nlp/conversion.r: Using EditorConfig core...
Nlp/conversion.r: Using EditorConfig core...
Nlp/conversion.r: Using EditorConfig core...
Nlp/conversion.r: Using EditorConfig core...
Nlp/conversion.r: Using EditorConfig core...
Nlp/conversion.r: {}
Nlp/conversion.r: Using EditorConfig core...
Nlp/conversion.r: Using EditorConfig core...
Nlp/conversion.r: Using EditorConfig core...
Nlp/conversion.r: {}
Nlp/conversion.r: {}
Nlp/conversion.r: {}
Nlp/conversion.r: {}
Nlp/conversion.r: {}
Nlp/conversion.r: Using EditorConfig core...
Nlp/conversion.r: {}
Nlp/conversion.r: {}
Nlp/conversion.r: Using EditorConfig core...
Nlp/conversion.r: Using EditorConfig core...
Nlp/conversion.r: {}
Nlp/conversion.r: Using EditorConfig core...
Nlp/conversion.r: {}
Nlp/conversion.r: Using EditorConfig core...
Nlp/conversion.r: Using EditorConfig core...
Nlp/conversion.r: Using EditorConfig core...
Nlp/conversion.r: Using EditorConfig core...
Nlp/conversion.r: Using EditorConfig core...
Nlp/conversion.r: Using EditorConfig core...
Nlp/conversion.r: Using EditorConfig core...
Nlp/conversion.r: Using EditorConfig core...
Nlp/conversion.r: Using EditorConfig core...
Nlp/conversion.r: Using EditorConfig core...
Nlp/conversion.r: Using EditorConfig core...
Nlp/conversion.r: Using EditorConfig core...
Nlp/conversion.r: Using EditorConfig core...
Nlp/conversion.r: Using EditorConfig core...
Nlp/conversion.r: Using EditorConfig core...
Nlp/conversion.r: Using EditorConfig core...
Nlp/conversion.r: Using EditorConfig core...
Nlp/conversion.r: Using EditorConfig core...
Nlp/conversion.r: Using EditorConfig core...
Nlp/conversion.r: {}
Nlp/conversion.r: Using EditorConfig core...
Nlp/conversion.r: Using EditorConfig core...
Nlp/conversion.r: Using EditorConfig core...
Nlp/conversion.r: Using EditorConfig core...
Nlp/conversion.r: Using EditorConfig core...
Nlp/conversion.r: Using EditorConfig core...
Nlp/conversion.r: Using EditorConfig core...
Nlp/conversion.r: {}
Nlp/correlations.r: {}
Nlp/sntiment.r: {}
Nlp/correlations.r: {}
Nlp/correlations.r: {}
Nlp/sntiment.r: {}
Nlp/conversion.r: {}
Nlp/conversion.r: Using EditorConfig core...
Nlp/conversion.r: Using EditorConfig core...
Nlp/conversion.r: Using EditorConfig core...
Nlp/conversion.r: Using EditorConfig core...
Nlp/conversion.r: {}
Nlp/conversion.r: {}
Nlp/conversion.r: {}
Nlp/conversion.r: {}
Nlp/conversion.r: Using EditorConfig core...
Nlp/conversion.r: Using EditorConfig core...
Nlp/conversion.r: Using EditorConfig core...
Nlp/conversion.r: {}
Nlp/conversion.r: {}
Nlp/conversion.r: Using EditorConfig core...
Nlp/conversion.r: Using EditorConfig core...
Nlp/conversion.r: Using EditorConfig core...
Nlp/conversion.r: Using EditorConfig core...
Nlp/conversion.r: Using EditorConfig core...
Nlp/conversion.r: Using EditorConfig core...
Nlp/conversion.r: Using EditorConfig core...
Nlp/conversion.r: Using EditorConfig core...
Nlp/conversion.r: Using EditorConfig core...
Nlp/conversion.r: {}
Nlp/conversion.r: Using EditorConfig core...
Nlp/conversion.r: Using EditorConfig core...
Nlp/conversion.r: Using EditorConfig core...
Nlp/conversion.r: Using EditorConfig core...
Nlp/conversion.r: Using EditorConfig core...
Nlp/conversion.r: Using EditorConfig core...
Nlp/conversion.r: Using EditorConfig core...
Nlp/conversion.r: Using EditorConfig core...
Nlp/conversion.r: Using EditorConfig core...
Nlp/conversion.r: Using EditorConfig core...
Nlp/conversion.r: Using EditorConfig core...
Nlp/conversion.r: Using EditorConfig core...
Nlp/conversion.r: Using EditorConfig core...
Nlp/conversion.r: Using EditorConfig core...
Nlp/conversion.r: Using EditorConfig core...
Nlp/conversion.r: Using EditorConfig core...
Nlp/conversion.r: {}
Nlp/conversion.r: {}
Nlp/conversion.r: Using EditorConfig core...
Nlp/conversion.r: Using EditorConfig core...
Nlp/conversion.r: {}
Nlp/conversion.r: Using EditorConfig core...
Nlp/conversion.r: Using EditorConfig core...
Nlp/conversion.r: Using EditorConfig core...
Nlp/conversion.r: {}
Nlp/conversion.r: Using EditorConfig core...
Nlp/conversion.r: Using EditorConfig core...
Nlp/conversion.r: Using EditorConfig core...
Nlp/conversion.r: Using EditorConfig core...
Nlp/conversion.r: Using EditorConfig core...
Nlp/conversion.r: Using EditorConfig core...
Nlp/conversion.r: Using EditorConfig core...
Nlp/conversion.r: Using EditorConfig core...
Nlp/conversion.r: Using EditorConfig core...
Nlp/conversion.r: Using EditorConfig core...
Nlp/conversion.r: Using EditorConfig core...
Nlp/conversion.r: {}
Nlp/conversion.r: {}
Nlp/conversion.r: Using EditorConfig core...
Nlp/conversion.r: {}
Nlp/conversion.r: Using EditorConfig core...
Nlp/conversion.r: Using EditorConfig core...
Nlp/conversion.r: Using EditorConfig core...
Nlp/conversion.r: Using EditorConfig core...
Nlp/conversion.r: Using EditorConfig core...
Nlp/conversion.r: Using EditorConfig core...
Nlp/conversion.r: Using EditorConfig core...
Nlp/conversion.r: Using EditorConfig core...
Nlp/conversion.r: Using EditorConfig core...
Nlp/conversion.r: Using EditorConfig core...
Nlp/conversion.r: Using EditorConfig core...
Nlp/conversion.r: Using EditorConfig core...
Nlp/conversion.r: Using EditorConfig core...
Nlp/conversion.r: Using EditorConfig core...
Nlp/conversion.r: Using EditorConfig core...
Nlp/conversion.r: Using EditorConfig core...
Nlp/conversion.r: {}
Nlp/conversion.r: Using EditorConfig core...
Nlp/conversion.r: Using EditorConfig core...
Nlp/conversion.r: Using EditorConfig core...
Nlp/conversion.r: Using EditorConfig core...
Nlp/conversion.r: Using EditorConfig core...
Nlp/conversion.r: Using EditorConfig core...
Nlp/conversion.r: Using EditorConfig core...
Nlp/conversion.r: {}
Nlp/conversion.r: Using EditorConfig core...
Nlp/conversion.r: Using EditorConfig core...
Nlp/conversion.r: Using EditorConfig core...
Nlp/conversion.r: {}
Nlp/conversion.r: Using EditorConfig core...
Nlp/conversion.r: Using EditorConfig core...
Nlp/conversion.r: Using EditorConfig core...
Nlp/conversion.r: Using EditorConfig core...
Nlp/conversion.r: Using EditorConfig core...
Nlp/conversion.r: Using EditorConfig core...
Nlp/conversion.r: {}
Nlp/conversion.r: Using EditorConfig core...
Nlp/conversion.r: Using EditorConfig core...
Nlp/conversion.r: {}
Nlp/conversion.r: Using EditorConfig core...
Nlp/conversion.r: {}
Nlp/conversion.r: {}
Nlp/conversion.r: Using EditorConfig core...
Nlp/conversion.r: Using EditorConfig core...
Nlp/conversion.r: Using EditorConfig core...
Nlp/conversion.r: Using EditorConfig core...
Nlp/conversion.r: Using EditorConfig core...
Nlp/conversion.r: Using EditorConfig core...
Nlp/conversion.r: Using EditorConfig core...
Nlp/conversion.r: Using EditorConfig core...
Nlp/conversion.r: Using EditorConfig core...
Nlp/conversion.r: Using EditorConfig core...
Nlp/conversion.r: Using EditorConfig core...
Nlp/conversion.r: Using EditorConfig core...
Nlp/conversion.r: Using EditorConfig core...
Nlp/conversion.r: Using EditorConfig core...
Nlp/conversion.r: Using EditorConfig core...
Nlp/conversion.r: Using EditorConfig core...
Nlp/conversion.r: Using EditorConfig core...
Nlp/conversion.r: Using EditorConfig core...
Nlp/conversion.r: Using EditorConfig core...
Nlp/conversion.r: Using EditorConfig core...
Nlp/conversion.r: Using EditorConfig core...
Nlp/conversion.r: Using EditorConfig core...
Nlp/conversion.r: Using EditorConfig core...
Nlp/conversion.r: Using EditorConfig core...
Nlp/conversion.r: Using EditorConfig core...
Nlp/conversion.r: Using EditorConfig core...
Nlp/conversion.r: Using EditorConfig core...
Nlp/conversion.r: Using EditorConfig core...
Nlp/conversion.r: Using EditorConfig core...
Nlp/conversion.r: Using EditorConfig core...
Nlp/conversion.r: Using EditorConfig core...
Nlp/conversion.r: Using EditorConfig core...
Nlp/conversion.r: Using EditorConfig core...
Nlp/conversion.r: Using EditorConfig core...
Nlp/conversion.r: Using EditorConfig core...
Nlp/conversion.r: Using EditorConfig core...
Nlp/conversion.r: Using EditorConfig core...
Nlp/conversion.r: Using EditorConfig core...
Nlp/conversion.r: Using EditorConfig core...
Nlp/conversion.r: Using EditorConfig core...
Nlp/conversion.r: Using EditorConfig core...
Nlp/conversion.r: Using EditorConfig core...
Nlp/conversion.r: Using EditorConfig core...
Nlp/conversion.r: Using EditorConfig core...
Nlp/conversion.r: Using EditorConfig core...
Nlp/conversion.r: Using EditorConfig core...
Nlp/conversion.r: Using EditorConfig core...
Nlp/conversion.r: Using EditorConfig core...
Nlp/conversion.r: Using EditorConfig core...
Nlp/conversion.r: Using EditorConfig core...
Nlp/conversion.r: Using EditorConfig core...
Nlp/conversion.r: Using EditorConfig core...
Nlp/conversion.r: Using EditorConfig core...
Nlp/conversion.r: Using EditorConfig core...
Nlp/conversion.r: Using EditorConfig core...
Nlp/conversion.r: Using EditorConfig core...
Nlp/conversion.r: Using EditorConfig core...
Nlp/conversion.r: Using EditorConfig core...
Nlp/conversion.r: Using EditorConfig core...
Nlp/conversion.r: Using EditorConfig core...
Nlp/conversion.r: Using EditorConfig core...
Nlp/conversion.r: Using EditorConfig core...
Nlp/conversion.r: Using EditorConfig core...
Nlp/conversion.r: Using EditorConfig core...
Nlp/conversion.r: Using EditorConfig core...
Nlp/conversion.r: Using EditorConfig core...
Nlp/conversion.r: Using EditorConfig core...
Nlp/conversion.r: Using EditorConfig core...
Nlp/conversion.r: Using EditorConfig core...
Nlp/conversion.r: {}
Nlp/conversion.r: {}
Nlp/conversion.r: Using EditorConfig core...
Nlp/conversion.r: Using EditorConfig core...
Nlp/conversion.r: Using EditorConfig core...
Nlp/conversion.r: Using EditorConfig core...
Nlp/conversion.r: {}
Nlp/conversion.r: Using EditorConfig core...
Nlp/conversion.r: Using EditorConfig core...
Nlp/conversion.r: Using EditorConfig core...
Nlp/conversion.r: Using EditorConfig core...
Nlp/conversion.r: Using EditorConfig core...
Nlp/conversion.r: Using EditorConfig core...
Nlp/conversion.r: Using EditorConfig core...
Nlp/conversion.r: Using EditorConfig core...
Nlp/conversion.r: Using EditorConfig core...
Nlp/conversion.r: Using EditorConfig core...
Nlp/conversion.r: Using EditorConfig core...
Nlp/conversion.r: Using EditorConfig core...
Nlp/conversion.r: Using EditorConfig core...
Nlp/conversion.r: Using EditorConfig core...
Nlp/conversion.r: Using EditorConfig core...
Nlp/conversion.r: Using EditorConfig core...
Nlp/conversion.r: {}
Nlp/conversion.r: {}
Nlp/conversion.r: {}
Nlp/conversion.r: Using EditorConfig core...
Nlp/conversion.r: Using EditorConfig core...
Nlp/conversion.r: Using EditorConfig core...
Nlp/conversion.r: Using EditorConfig core...
Nlp/conversion.r: Using EditorConfig core...
Nlp/conversion.r: Using EditorConfig core...
Nlp/conversion.r: Using EditorConfig core...
Nlp/conversion.r: Using EditorConfig core...
Nlp/conversion.r: Using EditorConfig core...
Nlp/conversion.r: Using EditorConfig core...
Nlp/conversion.r: Using EditorConfig core...
Nlp/conversion.r: {}
Nlp/conversion.r: Using EditorConfig core...
Nlp/conversion.r: Using EditorConfig core...
Nlp/conversion.r: Using EditorConfig core...
Nlp/conversion.r: {}
Nlp/conversion.r: {}
Nlp/conversion.r: Using EditorConfig core...
Nlp/conversion.r: Using EditorConfig core...
Nlp/conversion.r: Using EditorConfig core...
Nlp/conversion.r: Using EditorConfig core...
Nlp/conversion.r: Using EditorConfig core...
Nlp/conversion.r: Using EditorConfig core...
Nlp/conversion.r: Using EditorConfig core...
Nlp/conversion.r: Using EditorConfig core...
Nlp/conversion.r: {}
Nlp/test.r: {}
Nlp/conversion.r: {}
Nlp/conversion.r: Using EditorConfig core...
Nlp/conversion.r: Using EditorConfig core...
Nlp/conversion.r: {}
Nlp/conversion.r: {}
Nlp/conversion.r: {}
Nlp/conversion.r: Using EditorConfig core...
Nlp/conversion.r: {}
Nlp/conversion.r: {}
Nlp/conversion.r: {}
Nlp/conversion.r: Using EditorConfig core...
Nlp/conversion.r: Using EditorConfig core...
Nlp/conversion.r: {}
Nlp/conversion.r: Using EditorConfig core...
Nlp/conversion.r: Using EditorConfig core...
Nlp/conversion.r: {}
Nlp/conversion.r: Using EditorConfig core...
Nlp/conversion.r: {}
Nlp/conversion.r: {}
Nlp/conversion.r: {}
Nlp/conversion.r: {}
Nlp/conversion.r: {}
Nlp/conversion.r: Using EditorConfig core...
Nlp/conversion.r: {}
Nlp/conversion.r: Using EditorConfig core...
Nlp/conversion.r: Using EditorConfig core...
Nlp/conversion.r: Using EditorConfig core...
Nlp/conversion.r: {}
Nlp/conversion.r: {}
Nlp/conversion.r: {}
Nlp/conversion.r: {}
Nlp/conversion.r: {}
Nlp/conversion.r: Using EditorConfig core...
Nlp/conversion.r: Using EditorConfig core...
Nlp/conversion.r: Using EditorConfig core...
Nlp/conversion.r: Using EditorConfig core...
Nlp/conversion.r: Using EditorConfig core...
Nlp/conversion.r: Using EditorConfig core...
Nlp/conversion.r: Using EditorConfig core...
Nlp/conversion.r: Using EditorConfig core...
Nlp/conversion.r: Using EditorConfig core...
Nlp/conversion.r: Using EditorConfig core...
Nlp/conversion.r: Using EditorConfig core...
Nlp/conversion.r: Using EditorConfig core...
Nlp/conversion.r: Using EditorConfig core...
Nlp/conversion.r: Using EditorConfig core...
Nlp/conversion.r: Using EditorConfig core...
Nlp/conversion.r: Using EditorConfig core...
Nlp/conversion.r: Using EditorConfig core...
Nlp/conversion.r: Using EditorConfig core...
Nlp/conversion.r: Using EditorConfig core...
Nlp/conversion.r: Using EditorConfig core...
Nlp/conversion.r: Using EditorConfig core...
Nlp/conversion.r: Using EditorConfig core...
Nlp/conversion.r: Using EditorConfig core...
Nlp/conversion.r: {}
Nlp/conversion.r: Using EditorConfig core...
Nlp/conversion.r: {}
Nlp/conversion.r: Using EditorConfig core...
Nlp/conversion.r: Using EditorConfig core...
Nlp/conversion.r: {}
Nlp/conversion.r: Using EditorConfig core...
Nlp/conversion.r: {}
Nlp/correlations.r: {}
Nlp/correlations.r: {}
Nlp/conversion.r: {}
Nlp/conversion.r: Using EditorConfig core...
Untitled-1.txt: {}
Untitled-1.txt: {}
Untitled-1.txt: {}
Untitled-1.txt: {}
Nlp/tfidf.r: Using EditorConfig core...
Nlp/tfidf.r: {}
Nlp/tfidf.r: {}
Nlp/tfidf.r: {}
Nlp/tfidf.r: {}
Nlp/tfidf.r: Using EditorConfig core...
Nlp/tfidf.r: Using EditorConfig core...
Nlp/tfidf.r: Using EditorConfig core...
Nlp/conversion.r: {}
Nlp/correlations.r: {}
Nlp/tfidf.r: {}
Nlp/tfidf.r: Using EditorConfig core...
Nlp/tfidf.r: Using EditorConfig core...
Nlp/tfidf.r: Using EditorConfig core...
Nlp/tfidf.r: Using EditorConfig core...
Nlp/tfidf.r: Using EditorConfig core...
Nlp/tfidf.r: Using EditorConfig core...
Nlp/tfidf.r: Using EditorConfig core...
Nlp/tfidf.r: Using EditorConfig core...
Nlp/tfidf.r: Using EditorConfig core...
Nlp/tfidf.r: Using EditorConfig core...
Nlp/tfidf.r: Using EditorConfig core...
Nlp/tfidf.r: Using EditorConfig core...
Nlp/tfidf.r: Using EditorConfig core...
Nlp/tfidf.r: Using EditorConfig core...
Nlp/tfidf.r: Using EditorConfig core...
Nlp/tfidf.r: Using EditorConfig core...
Nlp/tfidf.r: Using EditorConfig core...
Nlp/tfidf.r: Using EditorConfig core...
Nlp/correlations.r: {}
Nlp/conversion.r: {}
Nlp/test.r: {}
Nlp/test.r: {}
Nlp/conversion.r: {}
Nlp/tfidf.r: {}
Nlp/tfidf.r: Using EditorConfig core...
Nlp/tfidf.r: {}
Nlp/tfidf.r: Using EditorConfig core...
Nlp/tfidf.r: {}
Nlp/tfidf.r: {}
Nlp/tfidf.r: Using EditorConfig core...
Nlp/tfidf.r: Using EditorConfig core...
Nlp/tfidf.r: Using EditorConfig core...
Nlp/tfidf.r: Using EditorConfig core...
Nlp/tfidf.r: Using EditorConfig core...
Nlp/tfidf.r: Using EditorConfig core...
Nlp/tfidf.r: Using EditorConfig core...
Nlp/tfidf.r: Using EditorConfig core...
Nlp/tfidf.r: Using EditorConfig core...
Nlp/tfidf.r: Using EditorConfig core...
Nlp/tfidf.r: Using EditorConfig core...
Nlp/tfidf.r: Using EditorConfig core...
Nlp/tfidf.r: Using EditorConfig core...
Nlp/tfidf.r: Using EditorConfig core...
Nlp/tfidf.r: Using EditorConfig core...
Nlp/tfidf.r: Using EditorConfig core...
Nlp/tfidf.r: Using EditorConfig core...
Nlp/tfidf.r: Using EditorConfig core...
Nlp/tfidf.r: Using EditorConfig core...
Nlp/tfidf.r: Using EditorConfig core...
Nlp/tfidf.r: Using EditorConfig core...
Nlp/tfidf.r: Using EditorConfig core...
Nlp/tfidf.r: Using EditorConfig core...
Nlp/tfidf.r: Using EditorConfig core...
Nlp/tfidf.r: Using EditorConfig core...
Nlp/tfidf.r: Using EditorConfig core...
Nlp/tfidf.r: Using EditorConfig core...
Nlp/tfidf.r: Using EditorConfig core...
Nlp/tfidf.r: {}
Nlp/tfidf.r: Using EditorConfig core...
Nlp/tfidf.r: Using EditorConfig core...
Nlp/tfidf.r: Using EditorConfig core...
Nlp/tfidf.r: Using EditorConfig core...
Nlp/tfidf.r: Using EditorConfig core...
Nlp/tfidf.r: Using EditorConfig core...
Nlp/tfidf.r: Using EditorConfig core...
Nlp/tfidf.r: Using EditorConfig core...
Nlp/tfidf.r: Using EditorConfig core...
Nlp/tfidf.r: Using EditorConfig core...
Nlp/tfidf.r: Using EditorConfig core...
Nlp/tfidf.r: Using EditorConfig core...
Nlp/tfidf.r: Using EditorConfig core...
Nlp/tfidf.r: Using EditorConfig core...
Nlp/tfidf.r: Using EditorConfig core...
Nlp/tfidf.r: Using EditorConfig core...
Nlp/tfidf.r: {}
Nlp/tfidf.r: {}
Nlp/tfidf.r: Using EditorConfig core...
Nlp/tfidf.r: Using EditorConfig core...
Nlp/tfidf.r: Using EditorConfig core...
Nlp/tfidf.r: Using EditorConfig core...
Nlp/tfidf.r: Using EditorConfig core...
Nlp/tfidf.r: Using EditorConfig core...
Nlp/tfidf.r: Using EditorConfig core...
Nlp/tfidf.r: Using EditorConfig core...
Nlp/tfidf.r: Using EditorConfig core...
Nlp/tfidf.r: Using EditorConfig core...
Nlp/tfidf.r: {}
Nlp/tfidf.r: Using EditorConfig core...
Nlp/tfidf.r: {}
